<?xml version="1.0" encoding="UTF-8"?>
<robot generator="Rebot 7.4.2 (Python 3.13.5 on win32)" generated="2026-06-23T07:15:01.609422" rpa="false" schemaversion="5">
<suite id="s1" name="Tests" source="C:\Users\hp5cd\.jenkins\workspace\ParaBank\tests">
<suite id="s1-s1" name="Api" source="C:\Users\hp5cd\.jenkins\workspace\ParaBank\tests\api">
<suite id="s1-s1-s1" name="TC API 01" source="C:\Users\hp5cd\.jenkins\workspace\ParaBank\tests\api\TC_API_01.robot">
<kw name="Create Session To API" owner="api_keywords" type="SETUP">
<kw name="Create Session" owner="RequestsLibrary">
<msg time="2026-06-23T07:13:18.054446" level="INFO">Creating Session using : alias=parabank, url=https://parabank.parasoft.com/parabank/services/bank, headers={},                     cookies={}, auth=None, timeout=None, proxies=None, verify=False,                     debug=0 </msg>
<arg>parabank</arg>
<arg>${API_BASE_URL}</arg>
<doc>Create Session: create a HTTP session to a server</doc>
<status status="PASS" start="2026-06-23T07:13:18.053540" elapsed="0.001611"/>
</kw>
<status status="PASS" start="2026-06-23T07:13:18.051129" elapsed="0.006286"/>
</kw>
<test id="s1-s1-s1-t1" name="TC_API_01 Verify Accounts" line="7">
<kw name="Get Customer Accounts" owner="api_keywords">
<kw name="Create Dictionary" owner="BuiltIn">
<msg time="2026-06-23T07:13:18.062185" level="INFO">${headers} = {'Accept': 'application/json'}</msg>
<var>${headers}</var>
<arg>Accept=application/json</arg>
<doc>Creates and returns a dictionary based on the given ``items``.</doc>
<status status="PASS" start="2026-06-23T07:13:18.060915" elapsed="0.001392"/>
</kw>
<kw name="GET On Session" owner="RequestsLibrary">
<msg time="2026-06-23T07:13:18.941202" level="INFO">GET Request : url=https://parabank.parasoft.com/parabank/services/bank/customers/12212/accounts 
 path_url=/parabank/services/bank/customers/12212/accounts 
 headers={'User-Agent': 'python-requests/2.34.2', 'Accept-Encoding': 'gzip, deflate', 'Accept': 'application/json', 'Connection': 'keep-alive'} 
 body=None 
 </msg>
<msg time="2026-06-23T07:13:18.941751" level="INFO">GET Response : url=https://parabank.parasoft.com/parabank/services/bank/customers/12212/accounts 
 status=200, reason=OK 
 headers={'Date': 'Tue, 23 Jun 2026 01:43:21 GMT', 'Content-Type': 'application/json', 'Transfer-Encoding': 'chunked', 'Connection': 'keep-alive', 'Server': 'cloudflare', 'cf-cache-status': 'DYNAMIC', 'X-Content-Type-Options': 'nosniff', 'Content-Encoding': 'gzip', 'CF-RAY': 'a0ffcd274f1bd2cf-FRA'} 
 body=[{"id":13344,"customerId":12212,"type":"CHECKING","balance":4662.93},{"id":13566,"customerId":12212,"type":"CHECKING","balance":90.00},{"id":13677,"customerId":12212,"type":"SAVINGS","balance":90.00},{"id":13788,"customerId":12212,"type":"CHECKING","balance":80.00},{"id":13899,"customerId":12212,"type":"SAVINGS","balance":100.00}] 
 </msg>
<msg time="2026-06-23T07:13:18.942016" level="INFO">C:\Users\hp5cd\.jenkins\workspace\ParaBank\venv\Lib\site-packages\urllib3\connectionpool.py:1110: InsecureRequestWarning: Unverified HTTPS request is being made to host 'parabank.parasoft.com'. Adding certificate verification is strongly advised. See: https://urllib3.readthedocs.io/en/latest/advanced-usage.html#tls-warnings
  warnings.warn(</msg>
<msg time="2026-06-23T07:13:18.942711" level="INFO">${response} = &lt;Response [200]&gt;</msg>
<var>${response}</var>
<arg>parabank</arg>
<arg>/customers/${customerId}/accounts</arg>
<arg>expected_status=any</arg>
<arg>headers=${headers}</arg>
<doc>Sends a GET request on a previously created HTTP Session.</doc>
<status status="PASS" start="2026-06-23T07:13:18.064440" elapsed="0.878380"/>
</kw>
<return>
<value>${response}</value>
<status status="PASS" start="2026-06-23T07:13:18.946171" elapsed="0.000327"/>
</return>
<msg time="2026-06-23T07:13:18.947498" level="INFO">${response} = &lt;Response [200]&gt;</msg>
<var>${response}</var>
<arg>${CUSTOMER_ID}</arg>
<status status="PASS" start="2026-06-23T07:13:18.059834" elapsed="0.887778"/>
</kw>
<kw name="Should Be Equal As Integers" owner="BuiltIn">
<msg time="2026-06-23T07:13:18.951566" level="INFO">Argument types are:
&lt;class 'int'&gt;
&lt;class 'str'&gt;</msg>
<arg>${response.status_code}</arg>
<arg>200</arg>
<doc>Fails if objects are unequal after converting them to integers.</doc>
<status status="PASS" start="2026-06-23T07:13:18.949591" elapsed="0.002167"/>
</kw>
<kw name="Set Variable" owner="BuiltIn">
<msg time="2026-06-23T07:13:18.956440" level="INFO">${body} = [{'id': 13344, 'customerId': 12212, 'type': 'CHECKING', 'balance': 4662.93}, {'id': 13566, 'customerId': 12212, 'type': 'CHECKING', 'balance': 90.0}, {'id': 13677, 'customerId': 12212, 'type': 'SAVING...</msg>
<var>${body}</var>
<arg>${response.json()}</arg>
<doc>Returns the given values which can then be assigned to a variables.</doc>
<status status="PASS" start="2026-06-23T07:13:18.953799" elapsed="0.002713"/>
</kw>
<kw name="Should Not Be Empty" owner="BuiltIn">
<msg time="2026-06-23T07:13:18.960518" level="INFO">Length is 5.</msg>
<arg>${body}</arg>
<doc>Verifies that the given item is not empty.</doc>
<status status="PASS" start="2026-06-23T07:13:18.959116" elapsed="0.001549"/>
</kw>
<kw name="Log To Console" owner="BuiltIn">
<arg>${body}</arg>
<doc>Logs the given message to the console.</doc>
<status status="PASS" start="2026-06-23T07:13:18.963221" elapsed="0.000971"/>
</kw>
<kw name="Log To Console" owner="BuiltIn">
<arg>${response.status_code}</arg>
<doc>Logs the given message to the console.</doc>
<status status="PASS" start="2026-06-23T07:13:18.964728" elapsed="0.001712"/>
</kw>
<kw name="Log To Console" owner="BuiltIn">
<arg>API_BASE_URL=${API_BASE_URL}</arg>
<doc>Logs the given message to the console.</doc>
<status status="PASS" start="2026-06-23T07:13:18.967026" elapsed="0.000958"/>
</kw>
<doc>Verify accounts API</doc>
<tag>api</tag>
<status status="PASS" start="2026-06-23T07:13:18.058093" elapsed="0.910375"/>
</test>
<status status="PASS" start="2026-06-23T07:13:15.122000" elapsed="0.916000"/>
</suite>
<suite id="s1-s1-s2" name="TC API 02" source="C:\Users\hp5cd\.jenkins\workspace\ParaBank\tests\api\TC_API_02.robot">
<kw name="Create Session To API" owner="api_keywords" type="SETUP">
<kw name="Create Session" owner="RequestsLibrary">
<msg time="2026-06-23T07:13:18.047074" level="INFO">Creating Session using : alias=parabank, url=https://parabank.parasoft.com/parabank/services/bank, headers={},                     cookies={}, auth=None, timeout=None, proxies=None, verify=False,                     debug=0 </msg>
<arg>parabank</arg>
<arg>${API_BASE_URL}</arg>
<doc>Create Session: create a HTTP session to a server</doc>
<status status="PASS" start="2026-06-23T07:13:18.046458" elapsed="0.001248"/>
</kw>
<status status="PASS" start="2026-06-23T07:13:18.044436" elapsed="0.005525"/>
</kw>
<test id="s1-s1-s2-t1" name="TC_API_02 verify newly created account" line="7">
<kw name="Get Customer Accounts" owner="api_keywords">
<kw name="Create Dictionary" owner="BuiltIn">
<msg time="2026-06-23T07:13:18.054388" level="INFO">${headers} = {'Accept': 'application/json'}</msg>
<var>${headers}</var>
<arg>Accept=application/json</arg>
<doc>Creates and returns a dictionary based on the given ``items``.</doc>
<status status="PASS" start="2026-06-23T07:13:18.053051" elapsed="0.001477"/>
</kw>
<kw name="GET On Session" owner="RequestsLibrary">
<msg time="2026-06-23T07:13:19.347112" level="INFO">GET Request : url=https://parabank.parasoft.com/parabank/services/bank/customers/12212/accounts 
 path_url=/parabank/services/bank/customers/12212/accounts 
 headers={'User-Agent': 'python-requests/2.34.2', 'Accept-Encoding': 'gzip, deflate', 'Accept': 'application/json', 'Connection': 'keep-alive'} 
 body=None 
 </msg>
<msg time="2026-06-23T07:13:19.347444" level="INFO">GET Response : url=https://parabank.parasoft.com/parabank/services/bank/customers/12212/accounts 
 status=200, reason=OK 
 headers={'Date': 'Tue, 23 Jun 2026 01:43:21 GMT', 'Content-Type': 'application/json', 'Transfer-Encoding': 'chunked', 'Connection': 'keep-alive', 'Server': 'cloudflare', 'cf-cache-status': 'DYNAMIC', 'X-Content-Type-Options': 'nosniff', 'Content-Encoding': 'gzip', 'CF-RAY': 'a0ffcd275c77d368-FRA'} 
 body=[{"id":13344,"customerId":12212,"type":"CHECKING","balance":-4387.07},{"id":13566,"customerId":12212,"type":"CHECKING","balance":90.00},{"id":13677,"customerId":12212,"type":"SAVINGS","balance":90.00},{"id":13788,"customerId":12212,"type":"CHECKING","balance":80.00},{"id":13899,"customerId":12212,"type":"SAVINGS","balance":100.00},{"id":14565,"customerId":12212,"type":"CHECKING","balance":9050.00}] 
 </msg>
<msg time="2026-06-23T07:13:19.347636" level="INFO">C:\Users\hp5cd\.jenkins\workspace\ParaBank\venv\Lib\site-packages\urllib3\connectionpool.py:1110: InsecureRequestWarning: Unverified HTTPS request is being made to host 'parabank.parasoft.com'. Adding certificate verification is strongly advised. See: https://urllib3.readthedocs.io/en/latest/advanced-usage.html#tls-warnings
  warnings.warn(</msg>
<msg time="2026-06-23T07:13:19.348005" level="INFO">${response} = &lt;Response [200]&gt;</msg>
<var>${response}</var>
<arg>parabank</arg>
<arg>/customers/${customerId}/accounts</arg>
<arg>expected_status=any</arg>
<arg>headers=${headers}</arg>
<doc>Sends a GET request on a previously created HTTP Session.</doc>
<status status="PASS" start="2026-06-23T07:13:18.056906" elapsed="1.291191"/>
</kw>
<return>
<value>${response}</value>
<status status="PASS" start="2026-06-23T07:13:19.350065" elapsed="0.000304"/>
</return>
<msg time="2026-06-23T07:13:19.351132" level="INFO">${response} = &lt;Response [200]&gt;</msg>
<var>${response}</var>
<arg>${CUSTOMER_ID}</arg>
<status status="PASS" start="2026-06-23T07:13:18.052118" elapsed="1.299103"/>
</kw>
<kw name="Should Be Equal As Integers" owner="BuiltIn">
<msg time="2026-06-23T07:13:19.355099" level="INFO">Argument types are:
&lt;class 'int'&gt;
&lt;class 'str'&gt;</msg>
<arg>${response.status_code}</arg>
<arg>200</arg>
<doc>Fails if objects are unequal after converting them to integers.</doc>
<status status="PASS" start="2026-06-23T07:13:19.353146" elapsed="0.002145"/>
</kw>
<kw name="Set Variable" owner="BuiltIn">
<msg time="2026-06-23T07:13:19.360109" level="INFO">${body} = [{'id': 13344, 'customerId': 12212, 'type': 'CHECKING', 'balance': -4387.07}, {'id': 13566, 'customerId': 12212, 'type': 'CHECKING', 'balance': 90.0}, {'id': 13677, 'customerId': 12212, 'type': 'SAVIN...</msg>
<var>${body}</var>
<arg>${response.json()}</arg>
<doc>Returns the given values which can then be assigned to a variables.</doc>
<status status="PASS" start="2026-06-23T07:13:19.357682" elapsed="0.002552"/>
</kw>
<kw name="Should Not Be Empty" owner="BuiltIn">
<msg time="2026-06-23T07:13:19.364947" level="INFO">Length is 6.</msg>
<arg>${body}</arg>
<doc>Verifies that the given item is not empty.</doc>
<status status="PASS" start="2026-06-23T07:13:19.362461" elapsed="0.002655"/>
</kw>
<kw name="Should Contain" owner="BuiltIn">
<arg>${response.text}</arg>
<arg>${ACCOUNT_ID}</arg>
<doc>Fails if ``container`` does not contain ``item`` one or more times.</doc>
<status status="PASS" start="2026-06-23T07:13:19.367352" elapsed="0.003954"/>
</kw>
<kw name="Log To Console" owner="BuiltIn">
<arg>${body}</arg>
<doc>Logs the given message to the console.</doc>
<status status="PASS" start="2026-06-23T07:13:19.372337" elapsed="0.001482"/>
</kw>
<kw name="Log To Console" owner="BuiltIn">
<arg>${response.status_code}</arg>
<doc>Logs the given message to the console.</doc>
<status status="PASS" start="2026-06-23T07:13:19.374764" elapsed="0.002676"/>
</kw>
<doc>Verify newly created account API</doc>
<tag>api</tag>
<status status="PASS" start="2026-06-23T07:13:18.050502" elapsed="1.327560"/>
</test>
<status status="PASS" start="2026-06-23T07:13:15.122459" elapsed="4.258332"/>
</suite>
<suite id="s1-s1-s3" name="TC API 03" source="C:\Users\hp5cd\.jenkins\workspace\ParaBank\tests\api\TC_API_03.robot">
<kw name="Create Session To API" owner="api_keywords" type="SETUP">
<kw name="Create Session" owner="RequestsLibrary">
<msg time="2026-06-23T07:13:18.051285" level="INFO">Creating Session using : alias=parabank, url=https://parabank.parasoft.com/parabank/services/bank, headers={},                     cookies={}, auth=None, timeout=None, proxies=None, verify=False,                     debug=0 </msg>
<arg>parabank</arg>
<arg>${API_BASE_URL}</arg>
<doc>Create Session: create a HTTP session to a server</doc>
<status status="PASS" start="2026-06-23T07:13:18.050625" elapsed="0.001178"/>
</kw>
<status status="PASS" start="2026-06-23T07:13:18.048261" elapsed="0.005603"/>
</kw>
<test id="s1-s1-s3-t1" name="TC_API_03 Validate account details" line="7">
<kw name="Get Customer Accounts" owner="api_keywords">
<kw name="Create Dictionary" owner="BuiltIn">
<msg time="2026-06-23T07:13:18.059173" level="INFO">${headers} = {'Accept': 'application/json'}</msg>
<var>${headers}</var>
<arg>Accept=application/json</arg>
<doc>Creates and returns a dictionary based on the given ``items``.</doc>
<status status="PASS" start="2026-06-23T07:13:18.057437" elapsed="0.001861"/>
</kw>
<kw name="GET On Session" owner="RequestsLibrary">
<msg time="2026-06-23T07:13:19.252409" level="INFO">GET Request : url=https://parabank.parasoft.com/parabank/services/bank/customers/12212/accounts 
 path_url=/parabank/services/bank/customers/12212/accounts 
 headers={'User-Agent': 'python-requests/2.34.2', 'Accept-Encoding': 'gzip, deflate', 'Accept': 'application/json', 'Connection': 'keep-alive'} 
 body=None 
 </msg>
<msg time="2026-06-23T07:13:19.252859" level="INFO">GET Response : url=https://parabank.parasoft.com/parabank/services/bank/customers/12212/accounts 
 status=200, reason=OK 
 headers={'Date': 'Tue, 23 Jun 2026 01:43:21 GMT', 'Content-Type': 'application/json', 'Transfer-Encoding': 'chunked', 'Connection': 'keep-alive', 'Server': 'cloudflare', 'cf-cache-status': 'DYNAMIC', 'X-Content-Type-Options': 'nosniff', 'Content-Encoding': 'gzip', 'CF-RAY': 'a0ffcd275b9435f9-FRA'} 
 body=[{"id":13344,"customerId":12212,"type":"CHECKING","balance":-4387.07},{"id":13566,"customerId":12212,"type":"CHECKING","balance":90.00},{"id":13677,"customerId":12212,"type":"SAVINGS","balance":90.00},{"id":13788,"customerId":12212,"type":"CHECKING","balance":80.00},{"id":13899,"customerId":12212,"type":"SAVINGS","balance":100.00},{"id":14565,"customerId":12212,"type":"CHECKING","balance":9050.00}] 
 </msg>
<msg time="2026-06-23T07:13:19.253116" level="INFO">C:\Users\hp5cd\.jenkins\workspace\ParaBank\venv\Lib\site-packages\urllib3\connectionpool.py:1110: InsecureRequestWarning: Unverified HTTPS request is being made to host 'parabank.parasoft.com'. Adding certificate verification is strongly advised. See: https://urllib3.readthedocs.io/en/latest/advanced-usage.html#tls-warnings
  warnings.warn(</msg>
<msg time="2026-06-23T07:13:19.253665" level="INFO">${response} = &lt;Response [200]&gt;</msg>
<var>${response}</var>
<arg>parabank</arg>
<arg>/customers/${customerId}/accounts</arg>
<arg>expected_status=any</arg>
<arg>headers=${headers}</arg>
<doc>Sends a GET request on a previously created HTTP Session.</doc>
<status status="PASS" start="2026-06-23T07:13:18.061654" elapsed="1.192146"/>
</kw>
<return>
<value>${response}</value>
<status status="PASS" start="2026-06-23T07:13:19.256074" elapsed="0.000190"/>
</return>
<msg time="2026-06-23T07:13:19.256799" level="INFO">${response} = &lt;Response [200]&gt;</msg>
<var>${response}</var>
<arg>${CUSTOMER_ID}</arg>
<status status="PASS" start="2026-06-23T07:13:18.056405" elapsed="1.200456"/>
</kw>
<kw name="Should Be Equal As Integers" owner="BuiltIn">
<msg time="2026-06-23T07:13:19.260648" level="INFO">Argument types are:
&lt;class 'int'&gt;
&lt;class 'str'&gt;</msg>
<arg>${response.status_code}</arg>
<arg>200</arg>
<doc>Fails if objects are unequal after converting them to integers.</doc>
<status status="PASS" start="2026-06-23T07:13:19.258648" elapsed="0.002157"/>
</kw>
<kw name="Set Variable" owner="BuiltIn">
<msg time="2026-06-23T07:13:19.264741" level="INFO">${body} = [{'id': 13344, 'customerId': 12212, 'type': 'CHECKING', 'balance': -4387.07}, {'id': 13566, 'customerId': 12212, 'type': 'CHECKING', 'balance': 90.0}, {'id': 13677, 'customerId': 12212, 'type': 'SAVIN...</msg>
<var>${body}</var>
<arg>${response.json()}</arg>
<doc>Returns the given values which can then be assigned to a variables.</doc>
<status status="PASS" start="2026-06-23T07:13:19.263198" elapsed="0.001665"/>
</kw>
<kw name="Should Not Be Empty" owner="BuiltIn">
<msg time="2026-06-23T07:13:19.268615" level="INFO">Length is 6.</msg>
<arg>${body}</arg>
<doc>Verifies that the given item is not empty.</doc>
<status status="PASS" start="2026-06-23T07:13:19.267302" elapsed="0.001474"/>
</kw>
<kw name="Set Variable" owner="BuiltIn">
<msg time="2026-06-23T07:13:19.272964" level="INFO">${account} = {'id': 13344, 'customerId': 12212, 'type': 'CHECKING', 'balance': -4387.07}</msg>
<var>${account}</var>
<arg>${body[0]}</arg>
<doc>Returns the given values which can then be assigned to a variables.</doc>
<status status="PASS" start="2026-06-23T07:13:19.271008" elapsed="0.002071"/>
</kw>
<kw name="Dictionary Should Contain Key" owner="Collections">
<arg>${account}</arg>
<arg>id</arg>
<doc>Fails if ``key`` is not found from ``dictionary``.</doc>
<status status="PASS" start="2026-06-23T07:13:19.274798" elapsed="0.000491"/>
</kw>
<kw name="Dictionary Should Contain Key" owner="Collections">
<arg>${account}</arg>
<arg>customerId</arg>
<doc>Fails if ``key`` is not found from ``dictionary``.</doc>
<status status="PASS" start="2026-06-23T07:13:19.275900" elapsed="0.000514"/>
</kw>
<kw name="Dictionary Should Contain Key" owner="Collections">
<arg>${account}</arg>
<arg>balance</arg>
<doc>Fails if ``key`` is not found from ``dictionary``.</doc>
<status status="PASS" start="2026-06-23T07:13:19.276869" elapsed="0.000571"/>
</kw>
<kw name="Dictionary Should Contain Key" owner="Collections">
<arg>${account}</arg>
<arg>type</arg>
<doc>Fails if ``key`` is not found from ``dictionary``.</doc>
<status status="PASS" start="2026-06-23T07:13:19.277909" elapsed="0.000439"/>
</kw>
<kw name="Log To Console" owner="BuiltIn">
<arg>${account}</arg>
<doc>Logs the given message to the console.</doc>
<status status="PASS" start="2026-06-23T07:13:19.278840" elapsed="0.000699"/>
</kw>
<doc>Validate account details and response schema</doc>
<tag>api</tag>
<status status="PASS" start="2026-06-23T07:13:18.054581" elapsed="1.225385"/>
</test>
<status status="PASS" start="2026-06-23T07:13:15.122948" elapsed="4.159332"/>
</suite>
<suite id="s1-s1-s4" name="TC API 04" source="C:\Users\hp5cd\.jenkins\workspace\ParaBank\tests\api\TC_API_04.robot">
<kw name="Create Session To API" owner="api_keywords" type="SETUP">
<kw name="Create Session" owner="RequestsLibrary">
<msg time="2026-06-23T07:13:18.048162" level="INFO">Creating Session using : alias=parabank, url=https://parabank.parasoft.com/parabank/services/bank, headers={},                     cookies={}, auth=None, timeout=None, proxies=None, verify=False,                     debug=0 </msg>
<arg>parabank</arg>
<arg>${API_BASE_URL}</arg>
<doc>Create Session: create a HTTP session to a server</doc>
<status status="PASS" start="2026-06-23T07:13:18.047709" elapsed="0.000918"/>
</kw>
<status status="PASS" start="2026-06-23T07:13:18.045900" elapsed="0.005392"/>
</kw>
<test id="s1-s1-s4-t1" name="TC_API_04 Capture Pre-Transfer Balances" line="7">
<kw name="Create Account API" owner="api_keywords">
<kw name="Create Dictionary" owner="BuiltIn">
<msg time="2026-06-23T07:13:18.055938" level="INFO">${headers} = {'Accept': 'application/json'}</msg>
<var>${headers}</var>
<arg>Accept=application/json</arg>
<doc>Creates and returns a dictionary based on the given ``items``.</doc>
<status status="PASS" start="2026-06-23T07:13:18.054708" elapsed="0.001382"/>
</kw>
<kw name="POST On Session" owner="RequestsLibrary">
<msg time="2026-06-23T07:13:19.065423" level="INFO">POST Request : url=https://parabank.parasoft.com/parabank/services/bank/createAccount?customerId=12212&amp;newAccountType=0&amp;fromAccountId=13344 
 path_url=/parabank/services/bank/createAccount?customerId=12212&amp;newAccountType=0&amp;fromAccountId=13344 
 headers={'User-Agent': 'python-requests/2.34.2', 'Accept-Encoding': 'gzip, deflate', 'Accept': 'application/json', 'Connection': 'keep-alive', 'Content-Length': '0'} 
 body=None 
 </msg>
<msg time="2026-06-23T07:13:19.065716" level="INFO">POST Response : url=https://parabank.parasoft.com/parabank/services/bank/createAccount?customerId=12212&amp;newAccountType=0&amp;fromAccountId=13344 
 status=200, reason=OK 
 headers={'Date': 'Tue, 23 Jun 2026 01:43:21 GMT', 'Content-Type': 'application/json', 'Transfer-Encoding': 'chunked', 'Connection': 'keep-alive', 'Server': 'cloudflare', 'cf-cache-status': 'DYNAMIC', 'Content-Security-Policy-Report-Only': "script-src 'unsafe-inline' 'unsafe-eval'; connect-src 'none'; report-uri https://csp-reporting.cloudflare.com/cdn-cgi/script_monitor/report?m=yAzj4RdodHu6CrZFUUib3Z3tRBoBE.tA9CdltWzB7kU-1782179001.5042725-1.0.1.1-xDodkUQ0jOijZ4CodAPvAm1MdQZ.vgsTCCJFbXgFmHtVzrMGXHKFwUIglafkhccuTCr8_KOEwaBgxYHC1qzE31YIb8mFFHRY2voad8u3.pNVizLcBkWYPsDr1GntSgyVQo3Ipbi4CtNQ0PhJbD8.2g_KqyzU8_CcFjQEHQ4cYqmVUb8vI0b.LVIR6Qts1qHS; report-to cf-csp-endpoint", 'X-Content-Type-Options': 'nosniff', 'Report-To': '{"group":"cf-csp-endpoint","max_age":86400,"endpoints":[{"url":"https://csp-reporting.cloudflare.com/cdn-cgi/script_monitor/report?m=yAzj4RdodHu6CrZFUUib3Z3tRBoBE.tA9CdltWzB7kU-1782179001.5042725-1.0.1.1-xDodkUQ0jOijZ4CodAPvAm1MdQZ.vgsTCCJFbXgFmHtVzrMGXHKFwUIglafkhccuTCr8_KOEwaBgxYHC1qzE31YIb8mFFHRY2voad8u3.pNVizLcBkWYPsDr1GntSgyVQo3Ipbi4CtNQ0PhJbD8.2g_KqyzU8_CcFjQEHQ4cYqmVUb8vI0b.LVIR6Qts1qHS"}]}', 'Content-Encoding': 'gzip', 'CF-RAY': 'a0ffcd276e31d285-FRA'} 
 body={"id":14565,"customerId":12212,"type":"CHECKING","balance":0} 
 </msg>
<msg time="2026-06-23T07:13:19.065870" level="INFO">C:\Users\hp5cd\.jenkins\workspace\ParaBank\venv\Lib\site-packages\urllib3\connectionpool.py:1110: InsecureRequestWarning: Unverified HTTPS request is being made to host 'parabank.parasoft.com'. Adding certificate verification is strongly advised. See: https://urllib3.readthedocs.io/en/latest/advanced-usage.html#tls-warnings
  warnings.warn(</msg>
<msg time="2026-06-23T07:13:19.066188" level="INFO">${response} = &lt;Response [200]&gt;</msg>
<var>${response}</var>
<arg>parabank</arg>
<arg>/createAccount</arg>
<arg>params=customerId=${customerId}&amp;newAccountType=${accountType}&amp;fromAccountId=${fromAccountId}</arg>
<arg>headers=${headers}</arg>
<arg>expected_status=any</arg>
<doc>Sends a POST request on a previously created HTTP Session.</doc>
<status status="PASS" start="2026-06-23T07:13:18.058755" elapsed="1.007503"/>
</kw>
<return>
<value>${response}</value>
<status status="PASS" start="2026-06-23T07:13:19.068387" elapsed="0.000293"/>
</return>
<msg time="2026-06-23T07:13:19.069442" level="INFO">${source_response} = &lt;Response [200]&gt;</msg>
<var>${source_response}</var>
<arg>${CUSTOMER_ID}</arg>
<arg>0</arg>
<arg>${ACCOUNT_ID}</arg>
<status status="PASS" start="2026-06-23T07:13:18.053571" elapsed="1.015958"/>
</kw>
<kw name="Should Be Equal As Integers" owner="BuiltIn">
<msg time="2026-06-23T07:13:19.073472" level="INFO">Argument types are:
&lt;class 'int'&gt;
&lt;class 'str'&gt;</msg>
<arg>${source_response.status_code}</arg>
<arg>200</arg>
<doc>Fails if objects are unequal after converting them to integers.</doc>
<status status="PASS" start="2026-06-23T07:13:19.071502" elapsed="0.002178"/>
</kw>
<kw name="Set Variable" owner="BuiltIn">
<msg time="2026-06-23T07:13:19.079102" level="INFO">${source_json} = {'id': 14565, 'customerId': 12212, 'type': 'CHECKING', 'balance': 0}</msg>
<var>${source_json}</var>
<arg>${source_response.json()}</arg>
<doc>Returns the given values which can then be assigned to a variables.</doc>
<status status="PASS" start="2026-06-23T07:13:19.076232" elapsed="0.002989"/>
</kw>
<kw name="Set Variable" owner="BuiltIn">
<msg time="2026-06-23T07:13:19.082990" level="INFO">${source_account} = 14565</msg>
<var>${source_account}</var>
<arg>${source_json['id']}</arg>
<doc>Returns the given values which can then be assigned to a variables.</doc>
<status status="PASS" start="2026-06-23T07:13:19.081354" elapsed="0.001712"/>
</kw>
<kw name="Create Account API" owner="api_keywords">
<kw name="Create Dictionary" owner="BuiltIn">
<msg time="2026-06-23T07:13:19.086918" level="INFO">${headers} = {'Accept': 'application/json'}</msg>
<var>${headers}</var>
<arg>Accept=application/json</arg>
<doc>Creates and returns a dictionary based on the given ``items``.</doc>
<status status="PASS" start="2026-06-23T07:13:19.086155" elapsed="0.000842"/>
</kw>
<kw name="POST On Session" owner="RequestsLibrary">
<msg time="2026-06-23T07:13:19.485283" level="INFO">POST Request : url=https://parabank.parasoft.com/parabank/services/bank/createAccount?customerId=12212&amp;newAccountType=1&amp;fromAccountId=13344 
 path_url=/parabank/services/bank/createAccount?customerId=12212&amp;newAccountType=1&amp;fromAccountId=13344 
 headers={'User-Agent': 'python-requests/2.34.2', 'Accept-Encoding': 'gzip, deflate', 'Accept': 'application/json', 'Connection': 'keep-alive', 'Content-Length': '0'} 
 body=None 
 </msg>
<msg time="2026-06-23T07:13:19.485530" level="INFO">POST Response : url=https://parabank.parasoft.com/parabank/services/bank/createAccount?customerId=12212&amp;newAccountType=1&amp;fromAccountId=13344 
 status=200, reason=OK 
 headers={'Date': 'Tue, 23 Jun 2026 01:43:22 GMT', 'Content-Type': 'application/json', 'Transfer-Encoding': 'chunked', 'Connection': 'keep-alive', 'Server': 'cloudflare', 'cf-cache-status': 'DYNAMIC', 'X-Content-Type-Options': 'nosniff', 'Content-Encoding': 'gzip', 'CF-RAY': 'a0ffcd2a4c88d285-FRA'} 
 body={"id":14676,"customerId":12212,"type":"SAVINGS","balance":0} 
 </msg>
<msg time="2026-06-23T07:13:19.485734" level="INFO">C:\Users\hp5cd\.jenkins\workspace\ParaBank\venv\Lib\site-packages\urllib3\connectionpool.py:1110: InsecureRequestWarning: Unverified HTTPS request is being made to host 'parabank.parasoft.com'. Adding certificate verification is strongly advised. See: https://urllib3.readthedocs.io/en/latest/advanced-usage.html#tls-warnings
  warnings.warn(</msg>
<msg time="2026-06-23T07:13:19.486490" level="INFO">${response} = &lt;Response [200]&gt;</msg>
<var>${response}</var>
<arg>parabank</arg>
<arg>/createAccount</arg>
<arg>params=customerId=${customerId}&amp;newAccountType=${accountType}&amp;fromAccountId=${fromAccountId}</arg>
<arg>headers=${headers}</arg>
<arg>expected_status=any</arg>
<doc>Sends a POST request on a previously created HTTP Session.</doc>
<status status="PASS" start="2026-06-23T07:13:19.089358" elapsed="0.397228"/>
</kw>
<return>
<value>${response}</value>
<status status="PASS" start="2026-06-23T07:13:19.488682" elapsed="0.000258"/>
</return>
<msg time="2026-06-23T07:13:19.489618" level="INFO">${dest_response} = &lt;Response [200]&gt;</msg>
<var>${dest_response}</var>
<arg>${CUSTOMER_ID}</arg>
<arg>1</arg>
<arg>${ACCOUNT_ID}</arg>
<status status="PASS" start="2026-06-23T07:13:19.085211" elapsed="0.404497"/>
</kw>
<kw name="Should Be Equal As Integers" owner="BuiltIn">
<msg time="2026-06-23T07:13:19.493858" level="INFO">Argument types are:
&lt;class 'int'&gt;
&lt;class 'str'&gt;</msg>
<arg>${dest_response.status_code}</arg>
<arg>200</arg>
<doc>Fails if objects are unequal after converting them to integers.</doc>
<status status="PASS" start="2026-06-23T07:13:19.491833" elapsed="0.002269"/>
</kw>
<kw name="Set Variable" owner="BuiltIn">
<msg time="2026-06-23T07:13:19.498767" level="INFO">${dest_json} = {'id': 14676, 'customerId': 12212, 'type': 'SAVINGS', 'balance': 0}</msg>
<var>${dest_json}</var>
<arg>${dest_response.json()}</arg>
<doc>Returns the given values which can then be assigned to a variables.</doc>
<status status="PASS" start="2026-06-23T07:13:19.496644" elapsed="0.002231"/>
</kw>
<kw name="Set Variable" owner="BuiltIn">
<msg time="2026-06-23T07:13:19.503819" level="INFO">${destination_account} = 14676</msg>
<var>${destination_account}</var>
<arg>${dest_json['id']}</arg>
<doc>Returns the given values which can then be assigned to a variables.</doc>
<status status="PASS" start="2026-06-23T07:13:19.501717" elapsed="0.002213"/>
</kw>
<kw name="Get Account Details" owner="api_keywords">
<kw name="Create Dictionary" owner="BuiltIn">
<msg time="2026-06-23T07:13:19.507991" level="INFO">${headers} = {'Accept': 'application/json'}</msg>
<var>${headers}</var>
<arg>Accept=application/json</arg>
<doc>Creates and returns a dictionary based on the given ``items``.</doc>
<status status="PASS" start="2026-06-23T07:13:19.507198" elapsed="0.000874"/>
</kw>
<kw name="GET On Session" owner="RequestsLibrary">
<msg time="2026-06-23T07:13:19.888809" level="INFO">GET Request : url=https://parabank.parasoft.com/parabank/services/bank/accounts/14565 
 path_url=/parabank/services/bank/accounts/14565 
 headers={'User-Agent': 'python-requests/2.34.2', 'Accept-Encoding': 'gzip, deflate', 'Accept': 'application/json', 'Connection': 'keep-alive'} 
 body=None 
 </msg>
<msg time="2026-06-23T07:13:19.889004" level="INFO">GET Response : url=https://parabank.parasoft.com/parabank/services/bank/accounts/14565 
 status=200, reason=OK 
 headers={'Date': 'Tue, 23 Jun 2026 01:43:22 GMT', 'Content-Type': 'application/json', 'Transfer-Encoding': 'chunked', 'Connection': 'keep-alive', 'Server': 'cloudflare', 'cf-cache-status': 'DYNAMIC', 'X-Content-Type-Options': 'nosniff', 'Content-Encoding': 'gzip', 'CF-RAY': 'a0ffcd2cea54d285-FRA'} 
 body={"id":14565,"customerId":12212,"type":"CHECKING","balance":9050.00} 
 </msg>
<msg time="2026-06-23T07:13:19.889164" level="INFO">C:\Users\hp5cd\.jenkins\workspace\ParaBank\venv\Lib\site-packages\urllib3\connectionpool.py:1110: InsecureRequestWarning: Unverified HTTPS request is being made to host 'parabank.parasoft.com'. Adding certificate verification is strongly advised. See: https://urllib3.readthedocs.io/en/latest/advanced-usage.html#tls-warnings
  warnings.warn(</msg>
<msg time="2026-06-23T07:13:19.889727" level="INFO">${response} = &lt;Response [200]&gt;</msg>
<var>${response}</var>
<arg>parabank</arg>
<arg>/accounts/${accountId}</arg>
<arg>headers=${headers}</arg>
<arg>expected_status=${expected_status}</arg>
<doc>Sends a GET request on a previously created HTTP Session.</doc>
<status status="PASS" start="2026-06-23T07:13:19.510022" elapsed="0.379794"/>
</kw>
<return>
<value>${response}</value>
<status status="PASS" start="2026-06-23T07:13:19.892234" elapsed="0.000243"/>
</return>
<msg time="2026-06-23T07:13:19.893450" level="INFO">${response_source_details} = &lt;Response [200]&gt;</msg>
<var>${response_source_details}</var>
<arg>${source_account}</arg>
<status status="PASS" start="2026-06-23T07:13:19.506241" elapsed="0.387319"/>
</kw>
<kw name="Set Variable" owner="BuiltIn">
<msg time="2026-06-23T07:13:19.898480" level="INFO">${source_details} = {'id': 14565, 'customerId': 12212, 'type': 'CHECKING', 'balance': 9050.0}</msg>
<var>${source_details}</var>
<arg>${response_source_details.json()}</arg>
<doc>Returns the given values which can then be assigned to a variables.</doc>
<status status="PASS" start="2026-06-23T07:13:19.895944" elapsed="0.002629"/>
</kw>
<kw name="Set Variable" owner="BuiltIn">
<msg time="2026-06-23T07:13:19.902019" level="INFO">${source_balance} = 9050.0</msg>
<var>${source_balance}</var>
<arg>${source_details['balance']}</arg>
<doc>Returns the given values which can then be assigned to a variables.</doc>
<status status="PASS" start="2026-06-23T07:13:19.900622" elapsed="0.001466"/>
</kw>
<kw name="Get Account Details" owner="api_keywords">
<kw name="Create Dictionary" owner="BuiltIn">
<msg time="2026-06-23T07:13:19.905959" level="INFO">${headers} = {'Accept': 'application/json'}</msg>
<var>${headers}</var>
<arg>Accept=application/json</arg>
<doc>Creates and returns a dictionary based on the given ``items``.</doc>
<status status="PASS" start="2026-06-23T07:13:19.904971" elapsed="0.001096"/>
</kw>
<kw name="GET On Session" owner="RequestsLibrary">
<msg time="2026-06-23T07:13:20.377267" level="INFO">GET Request : url=https://parabank.parasoft.com/parabank/services/bank/accounts/14676 
 path_url=/parabank/services/bank/accounts/14676 
 headers={'User-Agent': 'python-requests/2.34.2', 'Accept-Encoding': 'gzip, deflate', 'Accept': 'application/json', 'Connection': 'keep-alive'} 
 body=None 
 </msg>
<msg time="2026-06-23T07:13:20.377512" level="INFO">GET Response : url=https://parabank.parasoft.com/parabank/services/bank/accounts/14676 
 status=200, reason=OK 
 headers={'Date': 'Tue, 23 Jun 2026 01:43:22 GMT', 'Content-Type': 'application/json', 'Transfer-Encoding': 'chunked', 'Connection': 'keep-alive', 'Server': 'cloudflare', 'cf-cache-status': 'DYNAMIC', 'X-Content-Type-Options': 'nosniff', 'Content-Encoding': 'gzip', 'CF-RAY': 'a0ffcd2f8f71d285-FRA'} 
 body={"id":14676,"customerId":12212,"type":"SAVINGS","balance":9050.00} 
 </msg>
<msg time="2026-06-23T07:13:20.377702" level="INFO">C:\Users\hp5cd\.jenkins\workspace\ParaBank\venv\Lib\site-packages\urllib3\connectionpool.py:1110: InsecureRequestWarning: Unverified HTTPS request is being made to host 'parabank.parasoft.com'. Adding certificate verification is strongly advised. See: https://urllib3.readthedocs.io/en/latest/advanced-usage.html#tls-warnings
  warnings.warn(</msg>
<msg time="2026-06-23T07:13:20.378109" level="INFO">${response} = &lt;Response [200]&gt;</msg>
<var>${response}</var>
<arg>parabank</arg>
<arg>/accounts/${accountId}</arg>
<arg>headers=${headers}</arg>
<arg>expected_status=${expected_status}</arg>
<doc>Sends a GET request on a previously created HTTP Session.</doc>
<status status="PASS" start="2026-06-23T07:13:19.908796" elapsed="0.469395"/>
</kw>
<return>
<value>${response}</value>
<status status="PASS" start="2026-06-23T07:13:20.382866" elapsed="0.000219"/>
</return>
<msg time="2026-06-23T07:13:20.384321" level="INFO">${response_dest_details} = &lt;Response [200]&gt;</msg>
<var>${response_dest_details}</var>
<arg>${destination_account}</arg>
<status status="PASS" start="2026-06-23T07:13:19.904061" elapsed="0.480367"/>
</kw>
<kw name="Set Variable" owner="BuiltIn">
<msg time="2026-06-23T07:13:20.390148" level="INFO">${dest_details} = {'id': 14676, 'customerId': 12212, 'type': 'SAVINGS', 'balance': 9050.0}</msg>
<var>${dest_details}</var>
<arg>${response_dest_details.json()}</arg>
<doc>Returns the given values which can then be assigned to a variables.</doc>
<status status="PASS" start="2026-06-23T07:13:20.386794" elapsed="0.003832"/>
</kw>
<kw name="Set Variable" owner="BuiltIn">
<msg time="2026-06-23T07:13:20.396027" level="INFO">${destination_balance} = 9050.0</msg>
<var>${destination_balance}</var>
<arg>${dest_details['balance']}</arg>
<doc>Returns the given values which can then be assigned to a variables.</doc>
<status status="PASS" start="2026-06-23T07:13:20.393623" elapsed="0.002520"/>
</kw>
<kw name="Set Suite Variable" owner="BuiltIn">
<msg time="2026-06-23T07:13:20.399453" level="INFO">${SOURCE_ACCOUNT} = 14565</msg>
<arg>${SOURCE_ACCOUNT}</arg>
<arg>${source_account}</arg>
<doc>Makes a variable available everywhere within the scope of the current suite.</doc>
<status status="PASS" start="2026-06-23T07:13:20.398517" elapsed="0.001077"/>
</kw>
<kw name="Set Suite Variable" owner="BuiltIn">
<msg time="2026-06-23T07:13:20.402841" level="INFO">${DESTINATION_ACCOUNT} = 14676</msg>
<arg>${DESTINATION_ACCOUNT}</arg>
<arg>${destination_account}</arg>
<doc>Makes a variable available everywhere within the scope of the current suite.</doc>
<status status="PASS" start="2026-06-23T07:13:20.401969" elapsed="0.001011"/>
</kw>
<kw name="Set Suite Variable" owner="BuiltIn">
<msg time="2026-06-23T07:13:20.405416" level="INFO">${SOURCE_BALANCE} = 9050.0</msg>
<arg>${SOURCE_BALANCE}</arg>
<arg>${source_balance}</arg>
<doc>Makes a variable available everywhere within the scope of the current suite.</doc>
<status status="PASS" start="2026-06-23T07:13:20.404701" elapsed="0.000826"/>
</kw>
<kw name="Set Suite Variable" owner="BuiltIn">
<msg time="2026-06-23T07:13:20.408753" level="INFO">${DESTINATION_BALANCE} = 9050.0</msg>
<arg>${DESTINATION_BALANCE}</arg>
<arg>${destination_balance}</arg>
<doc>Makes a variable available everywhere within the scope of the current suite.</doc>
<status status="PASS" start="2026-06-23T07:13:20.407674" elapsed="0.001259"/>
</kw>
<kw name="Log To Console" owner="BuiltIn">
<arg>${SOURCE_BALANCE}</arg>
<doc>Logs the given message to the console.</doc>
<status status="PASS" start="2026-06-23T07:13:20.411279" elapsed="0.001011"/>
</kw>
<kw name="Log To Console" owner="BuiltIn">
<arg>${DESTINATION_BALANCE}</arg>
<doc>Logs the given message to the console.</doc>
<status status="PASS" start="2026-06-23T07:13:20.413042" elapsed="0.000793"/>
</kw>
<kw name="Set Suite Variable" owner="BuiltIn">
<msg time="2026-06-23T07:13:20.416370" level="INFO">${TRANSFER_AMOUNT} = 15</msg>
<arg>${TRANSFER_AMOUNT}</arg>
<arg>15</arg>
<doc>Makes a variable available everywhere within the scope of the current suite.</doc>
<status status="PASS" start="2026-06-23T07:13:20.414281" elapsed="0.002234"/>
</kw>
<doc>capture current balances before transfer</doc>
<tag>api</tag>
<status status="PASS" start="2026-06-23T07:13:18.051824" elapsed="2.366595"/>
</test>
<status status="PASS" start="2026-06-23T07:13:15.125812" elapsed="5.294310"/>
</suite>
<suite id="s1-s1-s5" name="TC API 05" source="C:\Users\hp5cd\.jenkins\workspace\ParaBank\tests\api\TC_API_05.robot">
<kw name="Create Session To API" owner="api_keywords" type="SETUP">
<kw name="Create Session" owner="RequestsLibrary">
<msg time="2026-06-23T07:13:21.883933" level="INFO">Creating Session using : alias=parabank, url=https://parabank.parasoft.com/parabank/services/bank, headers={},                     cookies={}, auth=None, timeout=None, proxies=None, verify=False,                     debug=0 </msg>
<arg>parabank</arg>
<arg>${API_BASE_URL}</arg>
<doc>Create Session: create a HTTP session to a server</doc>
<status status="PASS" start="2026-06-23T07:13:21.883498" elapsed="0.000854"/>
</kw>
<status status="PASS" start="2026-06-23T07:13:21.881999" elapsed="0.003915"/>
</kw>
<test id="s1-s1-s5-t1" name="TC_API_05 Validate Source Account Balance After Transfer" line="7">
<kw name="Set Variable" owner="BuiltIn">
<msg time="2026-06-23T07:13:21.888012" level="INFO">${TRANSFER_AMOUNT} = 10</msg>
<var>${TRANSFER_AMOUNT}</var>
<arg>10</arg>
<doc>Returns the given values which can then be assigned to a variables.</doc>
<status status="PASS" start="2026-06-23T07:13:21.887345" elapsed="0.000758"/>
</kw>
<kw name="Create Account API" owner="api_keywords">
<kw name="Create Dictionary" owner="BuiltIn">
<msg time="2026-06-23T07:13:21.892328" level="INFO">${headers} = {'Accept': 'application/json'}</msg>
<var>${headers}</var>
<arg>Accept=application/json</arg>
<doc>Creates and returns a dictionary based on the given ``items``.</doc>
<status status="PASS" start="2026-06-23T07:13:21.891168" elapsed="0.001312"/>
</kw>
<kw name="POST On Session" owner="RequestsLibrary">
<msg time="2026-06-23T07:13:23.046902" level="INFO">POST Request : url=https://parabank.parasoft.com/parabank/services/bank/createAccount?customerId=12212&amp;newAccountType=0&amp;fromAccountId=13344 
 path_url=/parabank/services/bank/createAccount?customerId=12212&amp;newAccountType=0&amp;fromAccountId=13344 
 headers={'User-Agent': 'python-requests/2.34.2', 'Accept-Encoding': 'gzip, deflate', 'Accept': 'application/json', 'Connection': 'keep-alive', 'Content-Length': '0'} 
 body=None 
 </msg>
<msg time="2026-06-23T07:13:23.047231" level="INFO">POST Response : url=https://parabank.parasoft.com/parabank/services/bank/createAccount?customerId=12212&amp;newAccountType=0&amp;fromAccountId=13344 
 status=200, reason=OK 
 headers={'Date': 'Tue, 23 Jun 2026 01:43:25 GMT', 'Content-Type': 'application/json', 'Transfer-Encoding': 'chunked', 'Connection': 'keep-alive', 'Server': 'cloudflare', 'cf-cache-status': 'DYNAMIC', 'X-Content-Type-Options': 'nosniff', 'Content-Encoding': 'gzip', 'CF-RAY': 'a0ffcd3f1dfc291b-FRA'} 
 body={"id":14787,"customerId":12212,"type":"CHECKING","balance":0} 
 </msg>
<msg time="2026-06-23T07:13:23.047482" level="INFO">C:\Users\hp5cd\.jenkins\workspace\ParaBank\venv\Lib\site-packages\urllib3\connectionpool.py:1110: InsecureRequestWarning: Unverified HTTPS request is being made to host 'parabank.parasoft.com'. Adding certificate verification is strongly advised. See: https://urllib3.readthedocs.io/en/latest/advanced-usage.html#tls-warnings
  warnings.warn(</msg>
<msg time="2026-06-23T07:13:23.047882" level="INFO">${response} = &lt;Response [200]&gt;</msg>
<var>${response}</var>
<arg>parabank</arg>
<arg>/createAccount</arg>
<arg>params=customerId=${customerId}&amp;newAccountType=${accountType}&amp;fromAccountId=${fromAccountId}</arg>
<arg>headers=${headers}</arg>
<arg>expected_status=any</arg>
<doc>Sends a POST request on a previously created HTTP Session.</doc>
<status status="PASS" start="2026-06-23T07:13:21.894701" elapsed="1.153291"/>
</kw>
<return>
<value>${response}</value>
<status status="PASS" start="2026-06-23T07:13:23.050338" elapsed="0.000198"/>
</return>
<msg time="2026-06-23T07:13:23.051176" level="INFO">${source_response} = &lt;Response [200]&gt;</msg>
<var>${source_response}</var>
<arg>${CUSTOMER_ID}</arg>
<arg>0</arg>
<arg>${ACCOUNT_ID}</arg>
<status status="PASS" start="2026-06-23T07:13:21.890049" elapsed="1.161194"/>
</kw>
<kw name="Should Be Equal As Integers" owner="BuiltIn">
<msg time="2026-06-23T07:13:23.054642" level="INFO">Argument types are:
&lt;class 'int'&gt;
&lt;class 'str'&gt;</msg>
<arg>${source_response.status_code}</arg>
<arg>200</arg>
<doc>Fails if objects are unequal after converting them to integers.</doc>
<status status="PASS" start="2026-06-23T07:13:23.053101" elapsed="0.001678"/>
</kw>
<kw name="Set Variable" owner="BuiltIn">
<msg time="2026-06-23T07:13:23.059363" level="INFO">${source_json} = {'id': 14787, 'customerId': 12212, 'type': 'CHECKING', 'balance': 0}</msg>
<var>${source_json}</var>
<arg>${source_response.json()}</arg>
<doc>Returns the given values which can then be assigned to a variables.</doc>
<status status="PASS" start="2026-06-23T07:13:23.056947" elapsed="0.002529"/>
</kw>
<kw name="Set Variable" owner="BuiltIn">
<msg time="2026-06-23T07:13:23.065582" level="INFO">${source_account} = 14787</msg>
<var>${source_account}</var>
<arg>${source_json['id']}</arg>
<doc>Returns the given values which can then be assigned to a variables.</doc>
<status status="PASS" start="2026-06-23T07:13:23.063694" elapsed="0.002011"/>
</kw>
<kw name="Create Account API" owner="api_keywords">
<kw name="Create Dictionary" owner="BuiltIn">
<msg time="2026-06-23T07:13:23.069716" level="INFO">${headers} = {'Accept': 'application/json'}</msg>
<var>${headers}</var>
<arg>Accept=application/json</arg>
<doc>Creates and returns a dictionary based on the given ``items``.</doc>
<status status="PASS" start="2026-06-23T07:13:23.068770" elapsed="0.001030"/>
</kw>
<kw name="POST On Session" owner="RequestsLibrary">
<msg time="2026-06-23T07:13:23.468493" level="INFO">POST Request : url=https://parabank.parasoft.com/parabank/services/bank/createAccount?customerId=12212&amp;newAccountType=1&amp;fromAccountId=13344 
 path_url=/parabank/services/bank/createAccount?customerId=12212&amp;newAccountType=1&amp;fromAccountId=13344 
 headers={'User-Agent': 'python-requests/2.34.2', 'Accept-Encoding': 'gzip, deflate', 'Accept': 'application/json', 'Connection': 'keep-alive', 'Content-Length': '0'} 
 body=None 
 </msg>
<msg time="2026-06-23T07:13:23.468761" level="INFO">POST Response : url=https://parabank.parasoft.com/parabank/services/bank/createAccount?customerId=12212&amp;newAccountType=1&amp;fromAccountId=13344 
 status=200, reason=OK 
 headers={'Date': 'Tue, 23 Jun 2026 01:43:26 GMT', 'Content-Type': 'application/json', 'Transfer-Encoding': 'chunked', 'Connection': 'keep-alive', 'Server': 'cloudflare', 'cf-cache-status': 'DYNAMIC', 'X-Content-Type-Options': 'nosniff', 'Content-Encoding': 'gzip', 'CF-RAY': 'a0ffcd432e67291b-FRA'} 
 body={"id":14898,"customerId":12212,"type":"SAVINGS","balance":0} 
 </msg>
<msg time="2026-06-23T07:13:23.468990" level="INFO">C:\Users\hp5cd\.jenkins\workspace\ParaBank\venv\Lib\site-packages\urllib3\connectionpool.py:1110: InsecureRequestWarning: Unverified HTTPS request is being made to host 'parabank.parasoft.com'. Adding certificate verification is strongly advised. See: https://urllib3.readthedocs.io/en/latest/advanced-usage.html#tls-warnings
  warnings.warn(</msg>
<msg time="2026-06-23T07:13:23.469432" level="INFO">${response} = &lt;Response [200]&gt;</msg>
<var>${response}</var>
<arg>parabank</arg>
<arg>/createAccount</arg>
<arg>params=customerId=${customerId}&amp;newAccountType=${accountType}&amp;fromAccountId=${fromAccountId}</arg>
<arg>headers=${headers}</arg>
<arg>expected_status=any</arg>
<doc>Sends a POST request on a previously created HTTP Session.</doc>
<status status="PASS" start="2026-06-23T07:13:23.071828" elapsed="0.397708"/>
</kw>
<return>
<value>${response}</value>
<status status="PASS" start="2026-06-23T07:13:23.471820" elapsed="0.000226"/>
</return>
<msg time="2026-06-23T07:13:23.474247" level="INFO">${dest_response} = &lt;Response [200]&gt;</msg>
<var>${dest_response}</var>
<arg>${CUSTOMER_ID}</arg>
<arg>1</arg>
<arg>${ACCOUNT_ID}</arg>
<status status="PASS" start="2026-06-23T07:13:23.067864" elapsed="0.406738"/>
</kw>
<kw name="Should Be Equal As Integers" owner="BuiltIn">
<msg time="2026-06-23T07:13:23.479069" level="INFO">Argument types are:
&lt;class 'int'&gt;
&lt;class 'str'&gt;</msg>
<arg>${dest_response.status_code}</arg>
<arg>200</arg>
<doc>Fails if objects are unequal after converting them to integers.</doc>
<status status="PASS" start="2026-06-23T07:13:23.477047" elapsed="0.002221"/>
</kw>
<kw name="Set Variable" owner="BuiltIn">
<msg time="2026-06-23T07:13:23.483371" level="INFO">${dest_json} = {'id': 14898, 'customerId': 12212, 'type': 'SAVINGS', 'balance': 0}</msg>
<var>${dest_json}</var>
<arg>${dest_response.json()}</arg>
<doc>Returns the given values which can then be assigned to a variables.</doc>
<status status="PASS" start="2026-06-23T07:13:23.481301" elapsed="0.002231"/>
</kw>
<kw name="Set Variable" owner="BuiltIn">
<msg time="2026-06-23T07:13:23.488210" level="INFO">${destination_account} = 14898</msg>
<var>${destination_account}</var>
<arg>${dest_json['id']}</arg>
<doc>Returns the given values which can then be assigned to a variables.</doc>
<status status="PASS" start="2026-06-23T07:13:23.485894" elapsed="0.002417"/>
</kw>
<kw name="Get Account Details" owner="api_keywords">
<kw name="Create Dictionary" owner="BuiltIn">
<msg time="2026-06-23T07:13:23.493653" level="INFO">${headers} = {'Accept': 'application/json'}</msg>
<var>${headers}</var>
<arg>Accept=application/json</arg>
<doc>Creates and returns a dictionary based on the given ``items``.</doc>
<status status="PASS" start="2026-06-23T07:13:23.492408" elapsed="0.001672"/>
</kw>
<kw name="GET On Session" owner="RequestsLibrary">
<msg time="2026-06-23T07:13:23.844160" level="INFO">GET Request : url=https://parabank.parasoft.com/parabank/services/bank/accounts/14787 
 path_url=/parabank/services/bank/accounts/14787 
 headers={'User-Agent': 'python-requests/2.34.2', 'Accept-Encoding': 'gzip, deflate', 'Accept': 'application/json', 'Connection': 'keep-alive'} 
 body=None 
 </msg>
<msg time="2026-06-23T07:13:23.844387" level="INFO">GET Response : url=https://parabank.parasoft.com/parabank/services/bank/accounts/14787 
 status=200, reason=OK 
 headers={'Date': 'Tue, 23 Jun 2026 01:43:26 GMT', 'Content-Type': 'application/json', 'Transfer-Encoding': 'chunked', 'Connection': 'keep-alive', 'Server': 'cloudflare', 'cf-cache-status': 'DYNAMIC', 'X-Content-Type-Options': 'nosniff', 'Content-Encoding': 'gzip', 'CF-RAY': 'a0ffcd45eb71291b-FRA'} 
 body={"id":14787,"customerId":12212,"type":"CHECKING","balance":9050.00} 
 </msg>
<msg time="2026-06-23T07:13:23.844560" level="INFO">C:\Users\hp5cd\.jenkins\workspace\ParaBank\venv\Lib\site-packages\urllib3\connectionpool.py:1110: InsecureRequestWarning: Unverified HTTPS request is being made to host 'parabank.parasoft.com'. Adding certificate verification is strongly advised. See: https://urllib3.readthedocs.io/en/latest/advanced-usage.html#tls-warnings
  warnings.warn(</msg>
<msg time="2026-06-23T07:13:23.844918" level="INFO">${response} = &lt;Response [200]&gt;</msg>
<var>${response}</var>
<arg>parabank</arg>
<arg>/accounts/${accountId}</arg>
<arg>headers=${headers}</arg>
<arg>expected_status=${expected_status}</arg>
<doc>Sends a GET request on a previously created HTTP Session.</doc>
<status status="PASS" start="2026-06-23T07:13:23.496873" elapsed="0.348153"/>
</kw>
<return>
<value>${response}</value>
<status status="PASS" start="2026-06-23T07:13:23.847552" elapsed="0.000234"/>
</return>
<msg time="2026-06-23T07:13:23.848672" level="INFO">${response_source} = &lt;Response [200]&gt;</msg>
<var>${response_source}</var>
<arg>${source_account}</arg>
<status status="PASS" start="2026-06-23T07:13:23.490890" elapsed="0.357888"/>
</kw>
<kw name="Set Variable" owner="BuiltIn">
<msg time="2026-06-23T07:13:23.853311" level="INFO">${source_details} = {'id': 14787, 'customerId': 12212, 'type': 'CHECKING', 'balance': 9050.0}</msg>
<var>${source_details}</var>
<arg>${response_source.json()}</arg>
<doc>Returns the given values which can then be assigned to a variables.</doc>
<status status="PASS" start="2026-06-23T07:13:23.851125" elapsed="0.002293"/>
</kw>
<kw name="Set Variable" owner="BuiltIn">
<msg time="2026-06-23T07:13:23.857436" level="INFO">${source_before} = 9050.0</msg>
<var>${source_before}</var>
<arg>${source_details['balance']}</arg>
<doc>Returns the given values which can then be assigned to a variables.</doc>
<status status="PASS" start="2026-06-23T07:13:23.855366" elapsed="0.002173"/>
</kw>
<kw name="Log To Console" owner="BuiltIn">
<arg>SOURCE=${source_account}</arg>
<doc>Logs the given message to the console.</doc>
<status status="PASS" start="2026-06-23T07:13:23.860512" elapsed="0.001110"/>
</kw>
<kw name="Log To Console" owner="BuiltIn">
<arg>DEST=${destination_account}</arg>
<doc>Logs the given message to the console.</doc>
<status status="PASS" start="2026-06-23T07:13:23.862325" elapsed="0.000984"/>
</kw>
<kw name="Log To Console" owner="BuiltIn">
<arg>BEFORE=${source_before}</arg>
<doc>Logs the given message to the console.</doc>
<status status="PASS" start="2026-06-23T07:13:23.863922" elapsed="0.001267"/>
</kw>
<kw name="Transfer Funds API" owner="api_keywords">
<kw name="POST On Session" owner="RequestsLibrary">
<msg time="2026-06-23T07:13:24.233469" level="INFO">POST Request : url=https://parabank.parasoft.com/parabank/services/bank/transfer?fromAccountId=14787&amp;toAccountId=14898&amp;amount=10 
 path_url=/parabank/services/bank/transfer?fromAccountId=14787&amp;toAccountId=14898&amp;amount=10 
 headers={'User-Agent': 'python-requests/2.34.2', 'Accept-Encoding': 'gzip, deflate', 'Accept': '*/*', 'Connection': 'keep-alive', 'Content-Length': '0'} 
 body=None 
 </msg>
<msg time="2026-06-23T07:13:24.236562" level="INFO">POST Response : url=https://parabank.parasoft.com/parabank/services/bank/transfer?fromAccountId=14787&amp;toAccountId=14898&amp;amount=10 
 status=200, reason=OK 
 headers={'Date': 'Tue, 23 Jun 2026 01:43:26 GMT', 'Content-Type': 'application/xml', 'Transfer-Encoding': 'chunked', 'Connection': 'keep-alive', 'Server': 'cloudflare', 'cf-cache-status': 'DYNAMIC', 'X-Content-Type-Options': 'nosniff', 'Content-Encoding': 'gzip', 'CF-RAY': 'a0ffcd484fd6291b-FRA'} 
 body=Successfully transferred $10 from account #14787 to account #14898 
 </msg>
<msg time="2026-06-23T07:13:24.236813" level="INFO">C:\Users\hp5cd\.jenkins\workspace\ParaBank\venv\Lib\site-packages\urllib3\connectionpool.py:1110: InsecureRequestWarning: Unverified HTTPS request is being made to host 'parabank.parasoft.com'. Adding certificate verification is strongly advised. See: https://urllib3.readthedocs.io/en/latest/advanced-usage.html#tls-warnings
  warnings.warn(</msg>
<msg time="2026-06-23T07:13:24.237138" level="INFO">${response} = &lt;Response [200]&gt;</msg>
<var>${response}</var>
<arg>parabank</arg>
<arg>/transfer</arg>
<arg>params=fromAccountId=${fromAccount}&amp;toAccountId=${toAccount}&amp;amount=${amount}</arg>
<arg>expected_status=any</arg>
<doc>Sends a POST request on a previously created HTTP Session.</doc>
<status status="PASS" start="2026-06-23T07:13:23.866813" elapsed="0.370411"/>
</kw>
<return>
<value>${response}</value>
<status status="PASS" start="2026-06-23T07:13:24.239418" elapsed="0.000226"/>
</return>
<msg time="2026-06-23T07:13:24.240405" level="INFO">${transfer_response} = &lt;Response [200]&gt;</msg>
<var>${transfer_response}</var>
<arg>${source_account}</arg>
<arg>${destination_account}</arg>
<arg>${TRANSFER_AMOUNT}</arg>
<status status="PASS" start="2026-06-23T07:13:23.865849" elapsed="0.374670"/>
</kw>
<kw name="Log To Console" owner="BuiltIn">
<arg>${transfer_response.status_code}</arg>
<doc>Logs the given message to the console.</doc>
<status status="PASS" start="2026-06-23T07:13:24.243428" elapsed="0.003106"/>
</kw>
<kw name="Log To Console" owner="BuiltIn">
<arg>${transfer_response.text}</arg>
<doc>Logs the given message to the console.</doc>
<status status="PASS" start="2026-06-23T07:13:24.247691" elapsed="0.002350"/>
</kw>
<kw name="Get Account Details" owner="api_keywords">
<kw name="Create Dictionary" owner="BuiltIn">
<msg time="2026-06-23T07:13:24.252242" level="INFO">${headers} = {'Accept': 'application/json'}</msg>
<var>${headers}</var>
<arg>Accept=application/json</arg>
<doc>Creates and returns a dictionary based on the given ``items``.</doc>
<status status="PASS" start="2026-06-23T07:13:24.251483" elapsed="0.000829"/>
</kw>
<kw name="GET On Session" owner="RequestsLibrary">
<msg time="2026-06-23T07:13:24.629060" level="INFO">GET Request : url=https://parabank.parasoft.com/parabank/services/bank/accounts/14787 
 path_url=/parabank/services/bank/accounts/14787 
 headers={'User-Agent': 'python-requests/2.34.2', 'Accept-Encoding': 'gzip, deflate', 'Accept': 'application/json', 'Connection': 'keep-alive'} 
 body=None 
 </msg>
<msg time="2026-06-23T07:13:24.629329" level="INFO">GET Response : url=https://parabank.parasoft.com/parabank/services/bank/accounts/14787 
 status=200, reason=OK 
 headers={'Date': 'Tue, 23 Jun 2026 01:43:27 GMT', 'Content-Type': 'application/json', 'Transfer-Encoding': 'chunked', 'Connection': 'keep-alive', 'Server': 'cloudflare', 'cf-cache-status': 'DYNAMIC', 'X-Content-Type-Options': 'nosniff', 'Content-Encoding': 'gzip', 'CF-RAY': 'a0ffcd4abc61291b-FRA'} 
 body={"id":14787,"customerId":12212,"type":"CHECKING","balance":9040.00} 
 </msg>
<msg time="2026-06-23T07:13:24.630060" level="INFO">C:\Users\hp5cd\.jenkins\workspace\ParaBank\venv\Lib\site-packages\urllib3\connectionpool.py:1110: InsecureRequestWarning: Unverified HTTPS request is being made to host 'parabank.parasoft.com'. Adding certificate verification is strongly advised. See: https://urllib3.readthedocs.io/en/latest/advanced-usage.html#tls-warnings
  warnings.warn(</msg>
<msg time="2026-06-23T07:13:24.630729" level="INFO">${response} = &lt;Response [200]&gt;</msg>
<var>${response}</var>
<arg>parabank</arg>
<arg>/accounts/${accountId}</arg>
<arg>headers=${headers}</arg>
<arg>expected_status=${expected_status}</arg>
<doc>Sends a GET request on a previously created HTTP Session.</doc>
<status status="PASS" start="2026-06-23T07:13:24.254201" elapsed="0.376666"/>
</kw>
<return>
<value>${response}</value>
<status status="PASS" start="2026-06-23T07:13:24.637112" elapsed="0.000603"/>
</return>
<msg time="2026-06-23T07:13:24.652643" level="INFO">${response_after} = &lt;Response [200]&gt;</msg>
<var>${response_after}</var>
<arg>${source_account}</arg>
<status status="PASS" start="2026-06-23T07:13:24.250774" elapsed="0.402136"/>
</kw>
<kw name="Set Variable" owner="BuiltIn">
<msg time="2026-06-23T07:13:24.669930" level="INFO">${source_details_after} = {'id': 14787, 'customerId': 12212, 'type': 'CHECKING', 'balance': 9040.0}</msg>
<var>${source_details_after}</var>
<arg>${response_after.json()}</arg>
<doc>Returns the given values which can then be assigned to a variables.</doc>
<status status="PASS" start="2026-06-23T07:13:24.666770" elapsed="0.003274"/>
</kw>
<kw name="Set Variable" owner="BuiltIn">
<msg time="2026-06-23T07:13:24.685062" level="INFO">${source_after} = 9040.0</msg>
<var>${source_after}</var>
<arg>${source_details_after['balance']}</arg>
<doc>Returns the given values which can then be assigned to a variables.</doc>
<status status="PASS" start="2026-06-23T07:13:24.681780" elapsed="0.003401"/>
</kw>
<kw name="Log To Console" owner="BuiltIn">
<arg>AFTER=${source_after}</arg>
<doc>Logs the given message to the console.</doc>
<status status="PASS" start="2026-06-23T07:13:24.687558" elapsed="0.001218"/>
</kw>
<kw name="Evaluate" owner="BuiltIn">
<msg time="2026-06-23T07:13:24.693034" level="INFO">${expected} = 9040.0</msg>
<var>${expected}</var>
<arg>float(${source_before}) - float(${TRANSFER_AMOUNT})</arg>
<doc>Evaluates the given expression in Python and returns the result.</doc>
<status status="PASS" start="2026-06-23T07:13:24.690120" elapsed="0.003107"/>
</kw>
<kw name="Log To Console" owner="BuiltIn">
<arg>EXPECTED=${expected}</arg>
<doc>Logs the given message to the console.</doc>
<status status="PASS" start="2026-06-23T07:13:24.696698" elapsed="0.001519"/>
</kw>
<kw name="Should Be Equal As Numbers" owner="BuiltIn">
<arg>${source_after}</arg>
<arg>${expected}</arg>
<doc>Fails if objects are unequal after converting them to real numbers.</doc>
<status status="PASS" start="2026-06-23T07:13:24.699099" elapsed="0.001003"/>
</kw>
<doc>Validate source account balance after transfer</doc>
<tag>api</tag>
<status status="PASS" start="2026-06-23T07:13:21.886313" elapsed="2.814701"/>
</test>
<status status="PASS" start="2026-06-23T07:13:20.729173" elapsed="3.983571"/>
</suite>
<suite id="s1-s1-s6" name="TC NEG API 01" source="C:\Users\hp5cd\.jenkins\workspace\ParaBank\tests\api\TC_NEG_API_01.robot">
<kw name="Create Session To API" owner="api_keywords" type="SETUP">
<kw name="Create Session" owner="RequestsLibrary">
<msg time="2026-06-23T07:13:22.181888" level="INFO">Creating Session using : alias=parabank, url=https://parabank.parasoft.com/parabank/services/bank, headers={},                     cookies={}, auth=None, timeout=None, proxies=None, verify=False,                     debug=0 </msg>
<arg>parabank</arg>
<arg>${API_BASE_URL}</arg>
<doc>Create Session: create a HTTP session to a server</doc>
<status status="PASS" start="2026-06-23T07:13:22.181482" elapsed="0.000781"/>
</kw>
<status status="PASS" start="2026-06-23T07:13:22.180019" elapsed="0.003712"/>
</kw>
<test id="s1-s1-s6-t1" name="TC_NEG_API_06 Invalid Account ID via API" line="7">
<kw name="Get Account Details" owner="api_keywords">
<kw name="Create Dictionary" owner="BuiltIn">
<msg time="2026-06-23T07:13:22.206054" level="INFO">${headers} = {'Accept': 'application/json'}</msg>
<var>${headers}</var>
<arg>Accept=application/json</arg>
<doc>Creates and returns a dictionary based on the given ``items``.</doc>
<status status="PASS" start="2026-06-23T07:13:22.205206" elapsed="0.000927"/>
</kw>
<kw name="GET On Session" owner="RequestsLibrary">
<msg time="2026-06-23T07:13:23.468774" level="INFO">GET Request : url=https://parabank.parasoft.com/parabank/services/bank/accounts/000000 
 path_url=/parabank/services/bank/accounts/000000 
 headers={'User-Agent': 'python-requests/2.34.2', 'Accept-Encoding': 'gzip, deflate', 'Accept': 'application/json', 'Connection': 'keep-alive'} 
 body=None 
 </msg>
<msg time="2026-06-23T07:13:23.469218" level="INFO">GET Response : url=https://parabank.parasoft.com/parabank/services/bank/accounts/000000 
 status=400, reason=Bad Request 
 headers={'Date': 'Tue, 23 Jun 2026 01:43:26 GMT', 'Content-Type': 'text/plain;charset=UTF-8', 'Content-Length': '25', 'Connection': 'keep-alive', 'Server': 'cloudflare', 'cf-cache-status': 'DYNAMIC', 'X-Content-Type-Options': 'nosniff', 'CF-RAY': 'a0ffcd40cb9fdbe0-FRA'} 
 body=Could not find account #0 
 </msg>
<msg time="2026-06-23T07:13:23.469533" level="INFO">C:\Users\hp5cd\.jenkins\workspace\ParaBank\venv\Lib\site-packages\urllib3\connectionpool.py:1110: InsecureRequestWarning: Unverified HTTPS request is being made to host 'parabank.parasoft.com'. Adding certificate verification is strongly advised. See: https://urllib3.readthedocs.io/en/latest/advanced-usage.html#tls-warnings
  warnings.warn(</msg>
<msg time="2026-06-23T07:13:23.470003" level="INFO">${response} = &lt;Response [400]&gt;</msg>
<var>${response}</var>
<arg>parabank</arg>
<arg>/accounts/${accountId}</arg>
<arg>headers=${headers}</arg>
<arg>expected_status=${expected_status}</arg>
<doc>Sends a GET request on a previously created HTTP Session.</doc>
<status status="PASS" start="2026-06-23T07:13:22.208535" elapsed="1.261609"/>
</kw>
<return>
<value>${response}</value>
<status status="PASS" start="2026-06-23T07:13:23.472952" elapsed="0.002189"/>
</return>
<msg time="2026-06-23T07:13:23.476241" level="INFO">${response} = &lt;Response [400]&gt;</msg>
<var>${response}</var>
<arg>000000</arg>
<arg>expected_status=any</arg>
<status status="PASS" start="2026-06-23T07:13:22.204499" elapsed="1.271866"/>
</kw>
<kw name="Log To Console" owner="BuiltIn">
<arg>Response status: ${response.status_code}</arg>
<doc>Logs the given message to the console.</doc>
<status status="PASS" start="2026-06-23T07:13:23.479396" elapsed="0.002070"/>
</kw>
<kw name="Should Not Be Equal As Integers" owner="BuiltIn">
<msg time="2026-06-23T07:13:23.484370" level="INFO">Argument types are:
&lt;class 'int'&gt;
&lt;class 'str'&gt;</msg>
<arg>${response.status_code}</arg>
<arg>200</arg>
<doc>Fails if objects are equal after converting them to integers.</doc>
<status status="PASS" start="2026-06-23T07:13:23.482111" elapsed="0.002481"/>
</kw>
<doc>Call GET /accounts/000000 with a fake account ID — expect a 4xx response</doc>
<tag>API</tag>
<tag>negative</tag>
<status status="PASS" start="2026-06-23T07:13:22.202964" elapsed="1.283856"/>
</test>
<status status="PASS" start="2026-06-23T07:13:21.070761" elapsed="2.418098"/>
</suite>
<suite id="s1-s1-s7" name="TC NEG API 02" source="C:\Users\hp5cd\.jenkins\workspace\ParaBank\tests\api\TC_NEG_API_02.robot">
<kw name="Create Session To API" owner="api_keywords" type="SETUP">
<kw name="Create Session" owner="RequestsLibrary">
<msg time="2026-06-23T07:13:22.263956" level="INFO">Creating Session using : alias=parabank, url=https://parabank.parasoft.com/parabank/services/bank, headers={},                     cookies={}, auth=None, timeout=None, proxies=None, verify=False,                     debug=0 </msg>
<arg>parabank</arg>
<arg>${API_BASE_URL}</arg>
<doc>Create Session: create a HTTP session to a server</doc>
<status status="PASS" start="2026-06-23T07:13:22.263507" elapsed="0.000901"/>
</kw>
<status status="PASS" start="2026-06-23T07:13:22.261958" elapsed="0.004289"/>
</kw>
<test id="s1-s1-s7-t1" name="TC_NEG_API_07 Login API with Invalid Credentials" line="7">
<kw name="Login API" owner="api_keywords">
<kw name="GET On Session" owner="RequestsLibrary">
<msg time="2026-06-23T07:13:23.468984" level="INFO">GET Request : url=https://parabank.parasoft.com/parabank/services/bank/login/baduser_xyz/wrongpass123 
 path_url=/parabank/services/bank/login/baduser_xyz/wrongpass123 
 headers={'User-Agent': 'python-requests/2.34.2', 'Accept-Encoding': 'gzip, deflate', 'Accept': '*/*', 'Connection': 'keep-alive'} 
 body=None 
 </msg>
<msg time="2026-06-23T07:13:23.469398" level="INFO">GET Response : url=https://parabank.parasoft.com/parabank/services/bank/login/baduser_xyz/wrongpass123 
 status=400, reason=Bad Request 
 headers={'Date': 'Tue, 23 Jun 2026 01:43:26 GMT', 'Content-Type': 'text/plain;charset=UTF-8', 'Content-Length': '32', 'Connection': 'keep-alive', 'Server': 'cloudflare', 'cf-cache-status': 'DYNAMIC', 'X-Content-Type-Options': 'nosniff', 'CF-RAY': 'a0ffcd414fc51e56-FRA'} 
 body=Invalid username and/or password 
 </msg>
<msg time="2026-06-23T07:13:23.469610" level="INFO">C:\Users\hp5cd\.jenkins\workspace\ParaBank\venv\Lib\site-packages\urllib3\connectionpool.py:1110: InsecureRequestWarning: Unverified HTTPS request is being made to host 'parabank.parasoft.com'. Adding certificate verification is strongly advised. See: https://urllib3.readthedocs.io/en/latest/advanced-usage.html#tls-warnings
  warnings.warn(</msg>
<msg time="2026-06-23T07:13:23.470064" level="INFO">${response} = &lt;Response [400]&gt;</msg>
<var>${response}</var>
<arg>parabank</arg>
<arg>/login/${username}/${password}</arg>
<arg>expected_status=any</arg>
<doc>Sends a GET request on a previously created HTTP Session.</doc>
<status status="PASS" start="2026-06-23T07:13:22.269109" elapsed="1.201052"/>
</kw>
<return>
<value>${response}</value>
<status status="PASS" start="2026-06-23T07:13:23.472654" elapsed="0.000262"/>
</return>
<msg time="2026-06-23T07:13:23.473688" level="INFO">${response} = &lt;Response [400]&gt;</msg>
<var>${response}</var>
<arg>baduser_xyz</arg>
<arg>wrongpass123</arg>
<status status="PASS" start="2026-06-23T07:13:22.268008" elapsed="1.205784"/>
</kw>
<kw name="Log To Console" owner="BuiltIn">
<arg>Response status: ${response.status_code}</arg>
<doc>Logs the given message to the console.</doc>
<status status="PASS" start="2026-06-23T07:13:23.476921" elapsed="0.002274"/>
</kw>
<kw name="Should Not Be Equal As Integers" owner="BuiltIn">
<msg time="2026-06-23T07:13:23.481899" level="INFO">Argument types are:
&lt;class 'int'&gt;
&lt;class 'str'&gt;</msg>
<arg>${response.status_code}</arg>
<arg>200</arg>
<doc>Fails if objects are equal after converting them to integers.</doc>
<status status="PASS" start="2026-06-23T07:13:23.479907" elapsed="0.002189"/>
</kw>
<doc>Call login API with wrong credentials — expect a non-200 response</doc>
<tag>API</tag>
<tag>negative</tag>
<status status="PASS" start="2026-06-23T07:13:22.266614" elapsed="1.217888"/>
</test>
<status status="PASS" start="2026-06-23T07:13:21.165616" elapsed="2.322437"/>
</suite>
<status status="PASS" start="2026-06-23T07:13:15.118000" elapsed="9.605000"/>
</suite>
<suite id="s1-s2" name="E2E" source="C:\Users\hp5cd\.jenkins\workspace\ParaBank\tests\e2e">
<suite id="s1-s2-s1" name="TC E2E 01" source="C:\Users\hp5cd\.jenkins\workspace\ParaBank\tests\e2e\TC_E2E_01.robot">
<kw name="Setup E2E" owner="common_resources" type="SETUP">
<kw name="Load Environment" owner="common_resources">
<kw name="Load Env" owner="env_loader">
<arg>${ENV}</arg>
<status status="PASS" start="2026-06-23T07:13:23.315465" elapsed="0.002730"/>
</kw>
<kw name="Get Env" owner="env_loader">
<msg time="2026-06-23T07:13:23.319167" level="INFO">${url} = https://parabank.parasoft.com</msg>
<var>${url}</var>
<arg>baseurl</arg>
<status status="PASS" start="2026-06-23T07:13:23.318729" elapsed="0.000547"/>
</kw>
<kw name="Get Env" owner="env_loader">
<msg time="2026-06-23T07:13:23.321509" level="INFO">${id} = john</msg>
<var>${id}</var>
<arg>user_id</arg>
<status status="PASS" start="2026-06-23T07:13:23.321152" elapsed="0.000424"/>
</kw>
<kw name="Get Env" owner="env_loader">
<msg time="2026-06-23T07:13:23.323388" level="INFO">${pwd} = demo</msg>
<var>${pwd}</var>
<arg>user_password</arg>
<status status="PASS" start="2026-06-23T07:13:23.323031" elapsed="0.000419"/>
</kw>
<kw name="Set Global Variable" owner="BuiltIn">
<msg time="2026-06-23T07:13:23.327952" level="INFO">${BASE_URL} = https://parabank.parasoft.com</msg>
<arg>${BASE_URL}</arg>
<arg>${url}</arg>
<doc>Makes a variable available globally in all tests and suites.</doc>
<status status="PASS" start="2026-06-23T07:13:23.325008" elapsed="0.003066"/>
</kw>
<kw name="Set Global Variable" owner="BuiltIn">
<msg time="2026-06-23T07:13:23.331890" level="INFO">${USER_ID} = john</msg>
<arg>${USER_ID}</arg>
<arg>${id}</arg>
<doc>Makes a variable available globally in all tests and suites.</doc>
<status status="PASS" start="2026-06-23T07:13:23.329780" elapsed="0.002217"/>
</kw>
<kw name="Set Global Variable" owner="BuiltIn">
<msg time="2026-06-23T07:13:23.335908" level="INFO">${USER_PWD} = demo</msg>
<arg>${USER_PWD}</arg>
<arg>${pwd}</arg>
<doc>Makes a variable available globally in all tests and suites.</doc>
<status status="PASS" start="2026-06-23T07:13:23.333697" elapsed="0.002364"/>
</kw>
<status status="PASS" start="2026-06-23T07:13:23.314152" elapsed="0.023527"/>
</kw>
<kw name="Create Session To API" owner="api_keywords">
<kw name="Create Session" owner="RequestsLibrary">
<msg time="2026-06-23T07:13:23.338914" level="INFO">Creating Session using : alias=parabank, url=https://parabank.parasoft.com/parabank/services/bank, headers={},                     cookies={}, auth=None, timeout=None, proxies=None, verify=False,                     debug=0 </msg>
<arg>parabank</arg>
<arg>${API_BASE_URL}</arg>
<doc>Create Session: create a HTTP session to a server</doc>
<status status="PASS" start="2026-06-23T07:13:23.338620" elapsed="0.000696"/>
</kw>
<status status="PASS" start="2026-06-23T07:13:23.338172" elapsed="0.002579"/>
</kw>
<status status="PASS" start="2026-06-23T07:13:23.313503" elapsed="0.027531"/>
</kw>
<test id="s1-s2-s1-t1" name="TC_E2E_01 Create Savings Account and Verify details via API" line="12">
<kw name="Open Application" owner="common_resources" type="SETUP">
<kw name="Open Browser" owner="SeleniumLibrary">
<msg time="2026-06-23T07:13:23.344407" level="INFO">Opening browser 'chrome' to base url 'https://parabank.parasoft.com'.</msg>
<arg>${BASE_URL}</arg>
<arg>${BROWSER}</arg>
<doc>Opens a new browser instance to the optional ``url``.</doc>
<status status="PASS" start="2026-06-23T07:13:23.343855" elapsed="4.834179"/>
</kw>
<kw name="Maximize Browser Window" owner="SeleniumLibrary">
<doc>Maximizes current browser window.</doc>
<status status="PASS" start="2026-06-23T07:13:28.181373" elapsed="0.117273"/>
</kw>
<doc>opens the application</doc>
<status status="PASS" start="2026-06-23T07:13:23.343193" elapsed="4.956562"/>
</kw>
<kw name="Ensure User Is Logged In" owner="common_resources">
<kw name="Login User" owner="login">
<kw name="Wait Until Element Is Visible" owner="SeleniumLibrary">
<arg>${login_username}</arg>
<arg>10s</arg>
<doc>Waits until the element ``locator`` is visible.</doc>
<status status="PASS" start="2026-06-23T07:13:28.303098" elapsed="0.118692"/>
</kw>
<kw name="Input Text" owner="SeleniumLibrary">
<msg time="2026-06-23T07:13:28.423664" level="INFO">Typing text 'Harsh' into text field 'xpath=//input[@name="username"]'.</msg>
<arg>${login_username}</arg>
<arg>Harsh</arg>
<doc>Types the given ``text`` into the text field identified by ``locator``.</doc>
<status status="PASS" start="2026-06-23T07:13:28.422726" elapsed="0.186868"/>
</kw>
<kw name="Input Text" owner="SeleniumLibrary">
<msg time="2026-06-23T07:13:28.613746" level="INFO">Typing text 'Gauttam' into text field 'xpath=//input[@name="password"]'.</msg>
<arg>${login_password}</arg>
<arg>Gauttam</arg>
<doc>Types the given ``text`` into the text field identified by ``locator``.</doc>
<status status="PASS" start="2026-06-23T07:13:28.612877" elapsed="0.167788"/>
</kw>
<kw name="Click Button" owner="SeleniumLibrary">
<msg time="2026-06-23T07:13:28.783764" level="INFO">Clicking button 'xpath=//input[@value="Log In"]'.</msg>
<arg>${login_button}</arg>
<doc>Clicks the button identified by ``locator``.</doc>
<status status="PASS" start="2026-06-23T07:13:28.783073" elapsed="0.763922"/>
</kw>
<status status="PASS" start="2026-06-23T07:13:28.302082" elapsed="1.273549"/>
</kw>
<kw name="Run Keyword And Return Status" owner="BuiltIn">
<kw name="Wait Until Page Contains" owner="SeleniumLibrary">
<msg time="2026-06-23T07:13:40.011001" level="INFO" html="true">&lt;/td&gt;&lt;/tr&gt;&lt;tr&gt;&lt;td colspan="3"&gt;&lt;a href="20260623_071311-7-selenium-screenshot-1.png"&gt;&lt;img src="20260623_071311-7-selenium-screenshot-1.png" width="800px"&gt;&lt;/a&gt;</msg>
<msg time="2026-06-23T07:13:40.011689" level="FAIL">Text 'Accounts Overview' did not appear in 10 seconds.</msg>
<arg>Accounts Overview</arg>
<arg>10s</arg>
<doc>Waits until ``text`` appears on the current page.</doc>
<status status="FAIL" start="2026-06-23T07:13:29.579262" elapsed="10.441015">Text 'Accounts Overview' did not appear in 10 seconds.</status>
</kw>
<msg time="2026-06-23T07:13:40.023183" level="INFO">${login_success} = False</msg>
<var>${login_success}</var>
<arg>Wait Until Page Contains</arg>
<arg>Accounts Overview</arg>
<arg>10s</arg>
<doc>Runs the specified keyword and returns the status as a Boolean value.</doc>
<status status="PASS" start="2026-06-23T07:13:29.576643" elapsed="10.446664"/>
</kw>
<if>
<branch type="IF" condition="not ${login_success}">
<kw name="Go To" owner="SeleniumLibrary">
<msg time="2026-06-23T07:13:40.027160" level="INFO">Opening url 'https://parabank.parasoft.com'</msg>
<arg>${BASE_URL}</arg>
<doc>Navigates the current browser window to the provided ``url``.</doc>
<status status="PASS" start="2026-06-23T07:13:40.026633" elapsed="1.105502"/>
</kw>
<kw name="Register User" owner="registration_pages">
<kw name="Get Location" owner="SeleniumLibrary">
<msg time="2026-06-23T07:13:41.160686" level="INFO">${url} = https://parabank.parasoft.com/parabank/index.htm</msg>
<var>${url}</var>
<doc>Returns the current browser window URL.</doc>
<status status="PASS" start="2026-06-23T07:13:41.139988" elapsed="0.020888"/>
</kw>
<kw name="Log To Console" owner="BuiltIn">
<arg>Current URL: ${url}</arg>
<doc>Logs the given message to the console.</doc>
<status status="PASS" start="2026-06-23T07:13:41.163376" elapsed="0.001112"/>
</kw>
<kw name="Wait Until Element Is Visible" owner="SeleniumLibrary">
<arg>${REGISTER_LINK}</arg>
<arg>10s</arg>
<doc>Waits until the element ``locator`` is visible.</doc>
<status status="PASS" start="2026-06-23T07:13:41.165606" elapsed="0.049611"/>
</kw>
<kw name="Click Element" owner="SeleniumLibrary">
<msg time="2026-06-23T07:13:41.218673" level="INFO">Clicking element 'xpath=//a[contains(@href,'register.htm')]'.</msg>
<arg>${REGISTER_LINK}</arg>
<doc>Click the element identified by ``locator``.</doc>
<status status="PASS" start="2026-06-23T07:13:41.216321" elapsed="0.917368"/>
</kw>
<kw name="Generate Random String" owner="String">
<msg time="2026-06-23T07:13:42.142573" level="INFO">${rand_suffix} = 392843</msg>
<var>${rand_suffix}</var>
<arg>6</arg>
<arg>[NUMBERS]</arg>
<doc>Generates a string with a desired ``length`` from the given ``chars``.</doc>
<status status="PASS" start="2026-06-23T07:13:42.137488" elapsed="0.005727"/>
</kw>
<kw name="Set Variable" owner="BuiltIn">
<msg time="2026-06-23T07:13:42.155399" level="INFO">${dynamic_username} = Harsh392843</msg>
<var>${dynamic_username}</var>
<arg>Harsh${rand_suffix}</arg>
<doc>Returns the given values which can then be assigned to a variables.</doc>
<status status="PASS" start="2026-06-23T07:13:42.148896" elapsed="0.006864"/>
</kw>
<kw name="Set Suite Variable" owner="BuiltIn">
<msg time="2026-06-23T07:13:42.176160" level="INFO">${REGISTERED_USERNAME} = Harsh392843</msg>
<arg>${REGISTERED_USERNAME}</arg>
<arg>${dynamic_username}</arg>
<doc>Makes a variable available everywhere within the scope of the current suite.</doc>
<status status="PASS" start="2026-06-23T07:13:42.167931" elapsed="0.008502"/>
</kw>
<kw name="Input Text" owner="SeleniumLibrary">
<msg time="2026-06-23T07:13:42.182500" level="INFO">Typing text 'King' into text field 'id=customer.firstName'.</msg>
<arg>${FIRST_NAME}</arg>
<arg>King</arg>
<doc>Types the given ``text`` into the text field identified by ``locator``.</doc>
<status status="PASS" start="2026-06-23T07:13:42.181653" elapsed="0.210588"/>
</kw>
<kw name="Input Text" owner="SeleniumLibrary">
<msg time="2026-06-23T07:13:42.394972" level="INFO">Typing text 'Smith' into text field 'id=customer.lastName'.</msg>
<arg>${LAST_NAME}</arg>
<arg>Smith</arg>
<doc>Types the given ``text`` into the text field identified by ``locator``.</doc>
<status status="PASS" start="2026-06-23T07:13:42.394236" elapsed="0.151627"/>
</kw>
<kw name="Input Text" owner="SeleniumLibrary">
<msg time="2026-06-23T07:13:42.548800" level="INFO">Typing text '123 Main Street' into text field 'id=customer.address.street'.</msg>
<arg>${ADDRESS}</arg>
<arg>123 Main Street</arg>
<doc>Types the given ``text`` into the text field identified by ``locator``.</doc>
<status status="PASS" start="2026-06-23T07:13:42.548147" elapsed="0.175331"/>
</kw>
<kw name="Input Text" owner="SeleniumLibrary">
<msg time="2026-06-23T07:13:42.726622" level="INFO">Typing text 'Ahmedabad' into text field 'id=customer.address.city'.</msg>
<arg>${CITY}</arg>
<arg>Ahmedabad</arg>
<doc>Types the given ``text`` into the text field identified by ``locator``.</doc>
<status status="PASS" start="2026-06-23T07:13:42.725826" elapsed="0.169934"/>
</kw>
<kw name="Input Text" owner="SeleniumLibrary">
<msg time="2026-06-23T07:13:42.898839" level="INFO">Typing text 'Gujarat' into text field 'id=customer.address.state'.</msg>
<arg>${STATE}</arg>
<arg>Gujarat</arg>
<doc>Types the given ``text`` into the text field identified by ``locator``.</doc>
<status status="PASS" start="2026-06-23T07:13:42.898011" elapsed="0.191273"/>
</kw>
<kw name="Input Text" owner="SeleniumLibrary">
<msg time="2026-06-23T07:13:43.093282" level="INFO">Typing text '380001' into text field 'id=customer.address.zipCode'.</msg>
<arg>${ZIPCODE}</arg>
<arg>380001</arg>
<doc>Types the given ``text`` into the text field identified by ``locator``.</doc>
<status status="PASS" start="2026-06-23T07:13:43.092450" elapsed="0.190501"/>
</kw>
<kw name="Input Text" owner="SeleniumLibrary">
<msg time="2026-06-23T07:13:43.286942" level="INFO">Typing text '9876543215' into text field 'id=customer.phoneNumber'.</msg>
<arg>${PHONE}</arg>
<arg>9876543215</arg>
<doc>Types the given ``text`` into the text field identified by ``locator``.</doc>
<status status="PASS" start="2026-06-23T07:13:43.285895" elapsed="0.173802"/>
</kw>
<kw name="Input Text" owner="SeleniumLibrary">
<msg time="2026-06-23T07:13:43.463118" level="INFO">Typing text '123-45-6789' into text field 'id=customer.ssn'.</msg>
<arg>${SSN}</arg>
<arg>123-45-6789</arg>
<doc>Types the given ``text`` into the text field identified by ``locator``.</doc>
<status status="PASS" start="2026-06-23T07:13:43.462281" elapsed="0.409631"/>
</kw>
<kw name="Input Text" owner="SeleniumLibrary">
<msg time="2026-06-23T07:13:43.875271" level="INFO">Typing text 'Harsh392843' into text field 'id=customer.username'.</msg>
<arg>${USERNAMEFIELD}</arg>
<arg>${dynamic_username}</arg>
<doc>Types the given ``text`` into the text field identified by ``locator``.</doc>
<status status="PASS" start="2026-06-23T07:13:43.874425" elapsed="0.191747"/>
</kw>
<kw name="Input Text" owner="SeleniumLibrary">
<msg time="2026-06-23T07:13:44.069477" level="INFO">Typing text 'Gauttam' into text field 'id=customer.password'.</msg>
<arg>${PASSWORDID}</arg>
<arg>Gauttam</arg>
<doc>Types the given ``text`` into the text field identified by ``locator``.</doc>
<status status="PASS" start="2026-06-23T07:13:44.068594" elapsed="0.187608"/>
</kw>
<kw name="Input Text" owner="SeleniumLibrary">
<msg time="2026-06-23T07:13:44.260288" level="INFO">Typing text 'Gauttam' into text field 'id=repeatedPassword'.</msg>
<arg>${CONFIRM_PASSWORD}</arg>
<arg>Gauttam</arg>
<doc>Types the given ``text`` into the text field identified by ``locator``.</doc>
<status status="PASS" start="2026-06-23T07:13:44.259200" elapsed="0.195630"/>
</kw>
[...]
<doc>Verifies that the given item is not empty.</doc>
<status status="FAIL" start="2026-06-23T07:14:49.861005" elapsed="0.001692">'[]' should not be empty.</status>
</kw>
<arg>${ACCOUNT_ID_DROPDOWN}</arg>
<status status="FAIL" start="2026-06-23T07:14:49.795970" elapsed="0.069411">'[]' should not be empty.</status>
</kw>
<kw name="Dropdown Should Have Options" owner="open_new_account_page">
<kw name="Get List Items" owner="SeleniumLibrary">
<msg time="2026-06-23T07:14:51.248919" level="INFO">${items} = ['13344', '13566', '13677', '13788', '13899', '14565', '14676', '14787', '14898', '15453', '15786', '16008', '16119', '16230', '16341', '16452', '16563', '16674', '16785', '16896', '17007', '17118']</msg>
<var>${items}</var>
<arg>${locator}</arg>
<doc>Returns all labels or values of selection list ``locator``.</doc>
<status status="PASS" start="2026-06-23T07:14:50.868107" elapsed="0.380925"/>
</kw>
<kw name="Should Not Be Empty" owner="BuiltIn">
<msg time="2026-06-23T07:14:51.251925" level="INFO">Length is 22.</msg>
<arg>${items}</arg>
<doc>Verifies that the given item is not empty.</doc>
<status status="PASS" start="2026-06-23T07:14:51.251086" elapsed="0.000982"/>
</kw>
<arg>${ACCOUNT_ID_DROPDOWN}</arg>
<status status="PASS" start="2026-06-23T07:14:50.866930" elapsed="0.387259"/>
</kw>
<arg>10s</arg>
<arg>1s</arg>
<arg>Dropdown Should Have Options</arg>
<arg>${ACCOUNT_ID_DROPDOWN}</arg>
<doc>Runs the specified keyword and retries if it fails.</doc>
<status status="PASS" start="2026-06-23T07:14:49.794802" elapsed="1.459961"/>
</kw>
<kw name="Select From List By Value" owner="SeleniumLibrary">
<msg time="2026-06-23T07:14:51.255798" level="INFO">Selecting options from selection list 'xpath=//select[@id="type"]' by value 0.</msg>
<arg>${ACCOUNT_TYPE_DROPDOWN}</arg>
<arg>${account_type}</arg>
<doc>Selects options from selection list ``locator`` by ``values``.</doc>
<status status="PASS" start="2026-06-23T07:14:51.255286" elapsed="0.084910"/>
</kw>
<arg>0</arg>
<status status="PASS" start="2026-06-23T07:14:49.724339" elapsed="1.617904"/>
</kw>
<kw name="Click Open Account Button" owner="open_new_account_page">
<kw name="Wait Until Element Is Visible" owner="SeleniumLibrary">
<arg>${OPEN_ACCOUNT_BUTTON}</arg>
<arg>10s</arg>
<doc>Waits until the element ``locator`` is visible.</doc>
<status status="PASS" start="2026-06-23T07:14:51.343802" elapsed="0.030937"/>
</kw>
<kw name="Click Element" owner="SeleniumLibrary">
<msg time="2026-06-23T07:14:51.375836" level="INFO">Clicking element 'xpath=//input[@value="Open New Account"]'.</msg>
<arg>${OPEN_ACCOUNT_BUTTON}</arg>
<doc>Click the element identified by ``locator``.</doc>
<status status="PASS" start="2026-06-23T07:14:51.375339" elapsed="0.132104"/>
</kw>
<kw name="Wait Until Page Contains" owner="SeleniumLibrary">
<arg>Account Opened!</arg>
<arg>10s</arg>
<doc>Waits until ``text`` appears on the current page.</doc>
<status status="PASS" start="2026-06-23T07:14:51.510887" elapsed="0.020681"/>
</kw>
<status status="PASS" start="2026-06-23T07:14:51.342927" elapsed="0.189384"/>
</kw>
<kw name="Get New Account Number" owner="open_new_account_page">
<kw name="Wait Until Element Is Visible" owner="SeleniumLibrary">
<arg>${ACCOUNT_DETAILS_LINK}</arg>
<arg>timeout=20s</arg>
<doc>Waits until the element ``locator`` is visible.</doc>
<status status="PASS" start="2026-06-23T07:14:51.534314" elapsed="0.478603"/>
</kw>
<kw name="Get Text" owner="SeleniumLibrary">
<msg time="2026-06-23T07:14:52.039928" level="INFO">${account_id} = 17340</msg>
<var>${account_id}</var>
<arg>${ACCOUNT_DETAILS_LINK}</arg>
<doc>Returns the text value of the element identified by ``locator``.</doc>
<status status="PASS" start="2026-06-23T07:14:52.013627" elapsed="0.026489"/>
</kw>
<kw name="Log To Console" owner="BuiltIn">
<arg>Account ID = ${account_id}</arg>
<doc>Logs the given message to the console.</doc>
<status status="PASS" start="2026-06-23T07:14:52.042620" elapsed="0.000831"/>
</kw>
<return>
<value>${account_id}</value>
<status status="PASS" start="2026-06-23T07:14:52.043803" elapsed="0.000160"/>
</return>
<msg time="2026-06-23T07:14:52.044466" level="INFO">${checking_id} = 17340</msg>
<var>${checking_id}</var>
<status status="PASS" start="2026-06-23T07:14:51.533205" elapsed="0.511360"/>
</kw>
<kw name="Click Open New Account" owner="home_page">
<kw name="Click Element" owner="SeleniumLibrary">
<msg time="2026-06-23T07:14:52.048536" level="INFO">Clicking element 'xpath=//a[contains(text(),'Open New Account')]'.</msg>
<arg>${OPEN_NEW_ACCOUNT_URL}</arg>
<doc>Click the element identified by ``locator``.</doc>
<status status="PASS" start="2026-06-23T07:14:52.047881" elapsed="0.620907"/>
</kw>
<status status="PASS" start="2026-06-23T07:14:52.047175" elapsed="0.624566"/>
</kw>
<kw name="Select Account Type" owner="open_new_account_page">
<kw name="Wait Until Element Is Visible" owner="SeleniumLibrary">
<arg>${ACCOUNT_TYPE_DROPDOWN}</arg>
<arg>10s</arg>
<doc>Waits until the element ``locator`` is visible.</doc>
<status status="PASS" start="2026-06-23T07:14:52.673390" elapsed="0.028586"/>
</kw>
<kw name="Wait Until Element Is Visible" owner="SeleniumLibrary">
<arg>${ACCOUNT_ID_DROPDOWN}</arg>
<arg>10s</arg>
<doc>Waits until the element ``locator`` is visible.</doc>
<status status="PASS" start="2026-06-23T07:14:52.702894" elapsed="0.026022"/>
</kw>
<kw name="Wait Until Keyword Succeeds" owner="BuiltIn">
<kw name="Dropdown Should Have Options" owner="open_new_account_page">
<kw name="Get List Items" owner="SeleniumLibrary">
<msg time="2026-06-23T07:14:52.786450" level="INFO">${items} = []</msg>
<var>${items}</var>
<arg>${locator}</arg>
<doc>Returns all labels or values of selection list ``locator``.</doc>
<status status="PASS" start="2026-06-23T07:14:52.731903" elapsed="0.054643"/>
</kw>
<kw name="Should Not Be Empty" owner="BuiltIn">
<msg time="2026-06-23T07:14:52.789725" level="INFO">Length is 0.</msg>
<msg time="2026-06-23T07:14:52.789963" level="FAIL">'[]' should not be empty.</msg>
<arg>${items}</arg>
<doc>Verifies that the given item is not empty.</doc>
<status status="FAIL" start="2026-06-23T07:14:52.788880" elapsed="0.001293">'[]' should not be empty.</status>
</kw>
<arg>${ACCOUNT_ID_DROPDOWN}</arg>
<status status="FAIL" start="2026-06-23T07:14:52.731108" elapsed="0.060967">'[]' should not be empty.</status>
</kw>
<kw name="Dropdown Should Have Options" owner="open_new_account_page">
<kw name="Get List Items" owner="SeleniumLibrary">
<msg time="2026-06-23T07:14:54.175297" level="INFO">${items} = ['13344', '13566', '13677', '13788', '13899', '14565', '14676', '14787', '14898', '15453', '15786', '16008', '16119', '16230', '16341', '16452', '16563', '16674', '16785', '16896', '17007', '17118', '...</msg>
<var>${items}</var>
<arg>${locator}</arg>
<doc>Returns all labels or values of selection list ``locator``.</doc>
<status status="PASS" start="2026-06-23T07:14:53.794651" elapsed="0.380842"/>
</kw>
<kw name="Should Not Be Empty" owner="BuiltIn">
<msg time="2026-06-23T07:14:54.179574" level="INFO">Length is 23.</msg>
<arg>${items}</arg>
<doc>Verifies that the given item is not empty.</doc>
<status status="PASS" start="2026-06-23T07:14:54.178581" elapsed="0.001106"/>
</kw>
<arg>${ACCOUNT_ID_DROPDOWN}</arg>
<status status="PASS" start="2026-06-23T07:14:53.793733" elapsed="0.387561"/>
</kw>
<arg>10s</arg>
<arg>1s</arg>
<arg>Dropdown Should Have Options</arg>
<arg>${ACCOUNT_ID_DROPDOWN}</arg>
<doc>Runs the specified keyword and retries if it fails.</doc>
<status status="PASS" start="2026-06-23T07:14:52.729858" elapsed="1.451897"/>
</kw>
<kw name="Select From List By Value" owner="SeleniumLibrary">
<msg time="2026-06-23T07:14:54.183143" level="INFO">Selecting options from selection list 'xpath=//select[@id="type"]' by value 1.</msg>
<arg>${ACCOUNT_TYPE_DROPDOWN}</arg>
<arg>${account_type}</arg>
<doc>Selects options from selection list ``locator`` by ``values``.</doc>
<status status="PASS" start="2026-06-23T07:14:54.182266" elapsed="0.122701"/>
</kw>
<arg>1</arg>
<status status="PASS" start="2026-06-23T07:14:52.672642" elapsed="1.634160"/>
</kw>
<kw name="Click Open Account Button" owner="open_new_account_page">
<kw name="Wait Until Element Is Visible" owner="SeleniumLibrary">
<arg>${OPEN_ACCOUNT_BUTTON}</arg>
<arg>10s</arg>
<doc>Waits until the element ``locator`` is visible.</doc>
<status status="PASS" start="2026-06-23T07:14:54.308032" elapsed="0.024646"/>
</kw>
<kw name="Click Element" owner="SeleniumLibrary">
<msg time="2026-06-23T07:14:54.334125" level="INFO">Clicking element 'xpath=//input[@value="Open New Account"]'.</msg>
<arg>${OPEN_ACCOUNT_BUTTON}</arg>
<doc>Click the element identified by ``locator``.</doc>
<status status="PASS" start="2026-06-23T07:14:54.333441" elapsed="0.106099"/>
</kw>
<kw name="Wait Until Page Contains" owner="SeleniumLibrary">
<arg>Account Opened!</arg>
<arg>10s</arg>
<doc>Waits until ``text`` appears on the current page.</doc>
<status status="PASS" start="2026-06-23T07:14:54.442056" elapsed="0.014078"/>
</kw>
<status status="PASS" start="2026-06-23T07:14:54.307428" elapsed="0.149118"/>
</kw>
<kw name="Get New Account Number" owner="open_new_account_page">
<kw name="Wait Until Element Is Visible" owner="SeleniumLibrary">
<arg>${ACCOUNT_DETAILS_LINK}</arg>
<arg>timeout=20s</arg>
<doc>Waits until the element ``locator`` is visible.</doc>
<status status="PASS" start="2026-06-23T07:14:54.457587" elapsed="0.478921"/>
</kw>
<kw name="Get Text" owner="SeleniumLibrary">
<msg time="2026-06-23T07:14:54.961978" level="INFO">${account_id} = 17451</msg>
<var>${account_id}</var>
<arg>${ACCOUNT_DETAILS_LINK}</arg>
<doc>Returns the text value of the element identified by ``locator``.</doc>
<status status="PASS" start="2026-06-23T07:14:54.937462" elapsed="0.024631"/>
</kw>
<kw name="Log To Console" owner="BuiltIn">
<arg>Account ID = ${account_id}</arg>
<doc>Logs the given message to the console.</doc>
<status status="PASS" start="2026-06-23T07:14:54.964771" elapsed="0.000987"/>
</kw>
<return>
<value>${account_id}</value>
<status status="PASS" start="2026-06-23T07:14:54.966254" elapsed="0.000201"/>
</return>
<msg time="2026-06-23T07:14:54.967040" level="INFO">${savings_id} = 17451</msg>
<var>${savings_id}</var>
<status status="PASS" start="2026-06-23T07:14:54.457078" elapsed="0.510079"/>
</kw>
<kw name="Click Transfer Funds" owner="home_page">
<kw name="Click Element" owner="SeleniumLibrary">
<msg time="2026-06-23T07:14:54.970607" level="INFO">Clicking element 'xpath=//a[contains(text(),'Transfer Funds')]'.</msg>
<arg>${TRANSFER_FUNDS_URL}</arg>
<doc>Click the element identified by ``locator``.</doc>
<status status="PASS" start="2026-06-23T07:14:54.969883" elapsed="0.624236"/>
</kw>
<status status="PASS" start="2026-06-23T07:14:54.969159" elapsed="0.628082"/>
</kw>
<kw name="Wait Until Location Contains" owner="SeleniumLibrary">
<arg>transfer</arg>
<arg>10s</arg>
<doc>Waits until the current URL contains ``expected``.</doc>
<status status="PASS" start="2026-06-23T07:14:55.598138" elapsed="0.012536"/>
</kw>
<kw name="Enter Amount" owner="transfer_funds_page">
<kw name="Wait Until Element Is Visible" owner="SeleniumLibrary">
<arg>${AMOUNT_FIELD}</arg>
<arg>10s</arg>
<doc>Waits until the element ``locator`` is visible.</doc>
<status status="PASS" start="2026-06-23T07:14:55.612879" elapsed="0.040344"/>
</kw>
<kw name="Input Text" owner="SeleniumLibrary">
<msg time="2026-06-23T07:14:55.654610" level="INFO">Typing text '50' into text field 'xpath=//input[@id="amount"]'.</msg>
<arg>${AMOUNT_FIELD}</arg>
<arg>${amount}</arg>
<doc>Types the given ``text`` into the text field identified by ``locator``.</doc>
<status status="PASS" start="2026-06-23T07:14:55.653928" elapsed="0.151835"/>
</kw>
<arg>50</arg>
<status status="PASS" start="2026-06-23T07:14:55.611885" elapsed="0.196292"/>
</kw>
<kw name="Select From Account" owner="transfer_funds_page">
<kw name="Wait Until Element Is Visible" owner="SeleniumLibrary">
<arg>${FROM_ACCOUNT_DROPDOWN}</arg>
<arg>10s</arg>
<doc>Waits until the element ``locator`` is visible.</doc>
<status status="PASS" start="2026-06-23T07:14:55.809924" elapsed="0.028088"/>
</kw>
<kw name="Wait Until Keyword Succeeds" owner="BuiltIn">
<kw name="Select From List By Value" owner="SeleniumLibrary">
<msg time="2026-06-23T07:14:55.843329" level="INFO">Selecting options from selection list 'xpath=//select[@id="fromAccountId"]' by value 17340.</msg>
<msg time="2026-06-23T07:14:56.124520" level="INFO" html="true">&lt;/td&gt;&lt;/tr&gt;&lt;tr&gt;&lt;td colspan="3"&gt;&lt;a href="20260623_071311-21-selenium-screenshot-1.png"&gt;&lt;img src="20260623_071311-21-selenium-screenshot-1.png" width="800px"&gt;&lt;/a&gt;</msg>
<msg time="2026-06-23T07:14:56.124909" level="FAIL">NoSuchElementException: Message: Cannot locate option with value: 17340; For documentation on this error, please visit: https://www.selenium.dev/documentation/webdriver/troubleshooting/errors#nosuchelementexception
</msg>
<arg>${FROM_ACCOUNT_DROPDOWN}</arg>
<arg>${from_account}</arg>
<doc>Selects options from selection list ``locator`` by ``values``.</doc>
<status status="FAIL" start="2026-06-23T07:14:55.840797" elapsed="0.290340">NoSuchElementException: Message: Cannot locate option with value: 17340; For documentation on this error, please visit: https://www.selenium.dev/documentation/webdriver/troubleshooting/errors#nosuchelementexception
</status>
</kw>
<kw name="Select From List By Value" owner="SeleniumLibrary">
<msg time="2026-06-23T07:14:57.135024" level="INFO">Selecting options from selection list 'xpath=//select[@id="fromAccountId"]' by value 17340.</msg>
<arg>${FROM_ACCOUNT_DROPDOWN}</arg>
<arg>${from_account}</arg>
<doc>Selects options from selection list ``locator`` by ``values``.</doc>
<status status="PASS" start="2026-06-23T07:14:57.134187" elapsed="0.123278"/>
</kw>
<arg>10s</arg>
<arg>1s</arg>
<arg>Select From List By Value</arg>
<arg>${FROM_ACCOUNT_DROPDOWN}</arg>
<arg>${from_account}</arg>
<doc>Runs the specified keyword and retries if it fails.</doc>
<status status="PASS" start="2026-06-23T07:14:55.838879" elapsed="1.420916"/>
</kw>
<arg>${checking_id}</arg>
<status status="PASS" start="2026-06-23T07:14:55.809018" elapsed="1.451296"/>
</kw>
<kw name="Select To Account" owner="transfer_funds_page">
<kw name="Wait Until Element Is Visible" owner="SeleniumLibrary">
<arg>${TO_ACCOUNT_DROPDOWN}</arg>
<arg>10s</arg>
<doc>Waits until the element ``locator`` is visible.</doc>
<status status="PASS" start="2026-06-23T07:14:57.262029" elapsed="0.033805"/>
</kw>
<kw name="Wait Until Keyword Succeeds" owner="BuiltIn">
<kw name="Select From List By Value" owner="SeleniumLibrary">
<msg time="2026-06-23T07:14:57.298433" level="INFO">Selecting options from selection list 'xpath=//select[@id="toAccountId"]' by value 17451.</msg>
<arg>${TO_ACCOUNT_DROPDOWN}</arg>
<arg>${to_account}</arg>
<doc>Selects options from selection list ``locator`` by ``values``.</doc>
<status status="PASS" start="2026-06-23T07:14:57.297901" elapsed="0.110437"/>
</kw>
<arg>10s</arg>
<arg>1s</arg>
<arg>Select From List By Value</arg>
<arg>${TO_ACCOUNT_DROPDOWN}</arg>
<arg>${to_account}</arg>
<doc>Runs the specified keyword and retries if it fails.</doc>
<status status="PASS" start="2026-06-23T07:14:57.296660" elapsed="0.113793"/>
</kw>
<arg>${savings_id}</arg>
<status status="PASS" start="2026-06-23T07:14:57.260964" elapsed="0.149943"/>
</kw>
<kw name="Click Transfer Button" owner="transfer_funds_page">
<kw name="Wait Until Element Is Visible" owner="SeleniumLibrary">
<arg>${TRANSFER_BUTTON}</arg>
<arg>10s</arg>
<doc>Waits until the element ``locator`` is visible.</doc>
<status status="PASS" start="2026-06-23T07:14:57.412516" elapsed="0.031877"/>
</kw>
<kw name="Click Element" owner="SeleniumLibrary">
<msg time="2026-06-23T07:14:57.445914" level="INFO">Clicking element 'xpath=//input[@value="Transfer"]'.</msg>
<arg>${TRANSFER_BUTTON}</arg>
<doc>Click the element identified by ``locator``.</doc>
<status status="PASS" start="2026-06-23T07:14:57.445350" elapsed="0.144274"/>
</kw>
<status status="PASS" start="2026-06-23T07:14:57.411677" elapsed="0.180184"/>
</kw>
<kw name="Wait Until Page Contains" owner="SeleniumLibrary">
<arg>Transfer Complete!</arg>
<arg>10s</arg>
<doc>Waits until ``text`` appears on the current page.</doc>
<status status="PASS" start="2026-06-23T07:14:57.592391" elapsed="0.019443"/>
</kw>
<kw name="Close Application" owner="common_resources" type="TEARDOWN">
<kw name="Close All Browsers" owner="SeleniumLibrary">
<doc>Closes all open browsers and resets the browser cache.</doc>
<status status="PASS" start="2026-06-23T07:14:57.613680" elapsed="2.551093"/>
</kw>
<doc>closes the application</doc>
<status status="PASS" start="2026-06-23T07:14:57.612938" elapsed="2.552547"/>
</kw>
<doc>Transfer Funds Between Two Accounts</doc>
<status status="PASS" start="2026-06-23T07:14:42.550911" elapsed="17.614943"/>
</test>
<status status="PASS" start="2026-06-23T07:14:39.975671" elapsed="20.194182"/>
</suite>
<status status="FAIL" start="2026-06-23T07:13:27.347000" elapsed="92.836000"/>
</suite>
<status status="FAIL" start="2026-06-23T07:13:15.057000" elapsed="105.128000"/>
</suite>
<statistics>
<total>
<stat pass="19" fail="3" skip="0">All Tests</stat>
</total>
<tag>
<stat pass="7" fail="0" skip="0">api</stat>
<stat pass="3" fail="0" skip="0">e2e</stat>
<stat pass="1" fail="0" skip="0">functional</stat>
<stat pass="0" fail="1" skip="0">known-bug</stat>
<stat pass="3" fail="1" skip="0">negative</stat>
<stat pass="1" fail="1" skip="0">UI</stat>
</tag>
<suite>
<stat name="Tests" id="s1" pass="19" fail="3" skip="0">Tests</stat>
<stat name="Api" id="s1-s1" pass="7" fail="0" skip="0">Tests.Api</stat>
<stat name="TC API 01" id="s1-s1-s1" pass="1" fail="0" skip="0">Tests.Api.TC API 01</stat>
<stat name="TC API 02" id="s1-s1-s2" pass="1" fail="0" skip="0">Tests.Api.TC API 02</stat>
<stat name="TC API 03" id="s1-s1-s3" pass="1" fail="0" skip="0">Tests.Api.TC API 03</stat>
<stat name="TC API 04" id="s1-s1-s4" pass="1" fail="0" skip="0">Tests.Api.TC API 04</stat>
<stat name="TC API 05" id="s1-s1-s5" pass="1" fail="0" skip="0">Tests.Api.TC API 05</stat>
<stat name="TC NEG API 01" id="s1-s1-s6" pass="1" fail="0" skip="0">Tests.Api.TC NEG API 01</stat>
<stat name="TC NEG API 02" id="s1-s1-s7" pass="1" fail="0" skip="0">Tests.Api.TC NEG API 02</stat>
<stat name="E2E" id="s1-s2" pass="3" fail="0" skip="0">Tests.E2E</stat>
<stat name="TC E2E 01" id="s1-s2-s1" pass="1" fail="0" skip="0">Tests.E2E.TC E2E 01</stat>
<stat name="TC E2E 02" id="s1-s2-s2" pass="1" fail="0" skip="0">Tests.E2E.TC E2E 02</stat>
<stat name="TC E2E 03" id="s1-s2-s3" pass="1" fail="0" skip="0">Tests.E2E.TC E2E 03</stat>
<stat name="Ui" id="s1-s3" pass="9" fail="3" skip="0">Tests.Ui</stat>
<stat name="TC NEG LOGN UI-01" id="s1-s3-s1" pass="1" fail="0" skip="0">Tests.Ui.TC NEG LOGN UI-01</stat>
<stat name="TC NEG TF UI-01" id="s1-s3-s2" pass="0" fail="1" skip="0">Tests.Ui.TC NEG TF UI-01</stat>
<stat name="TC NEG TF UI-02" id="s1-s3-s3" pass="1" fail="0" skip="0">Tests.Ui.TC NEG TF UI-02</stat>
<stat name="TC NEG TF UI-03" id="s1-s3-s4" pass="1" fail="0" skip="0">Tests.Ui.TC NEG TF UI-03</stat>
<stat name="TC NEG TF UI-04" id="s1-s3-s5" pass="0" fail="1" skip="0">Tests.Ui.TC NEG TF UI-04</stat>
<stat name="TC NEG TF UI-05" id="s1-s3-s6" pass="0" fail="1" skip="0">Tests.Ui.TC NEG TF UI-05</stat>
<stat name="TC-AC-UI-01" id="s1-s3-s7" pass="1" fail="0" skip="0">Tests.Ui.TC-AC-UI-01</stat>
<stat name="TC-AC-UI-02" id="s1-s3-s8" pass="1" fail="0" skip="0">Tests.Ui.TC-AC-UI-02</stat>
<stat name="TC-AC-UI-03" id="s1-s3-s9" pass="1" fail="0" skip="0">Tests.Ui.TC-AC-UI-03</stat>
<stat name="TC-NAV-UI-01" id="s1-s3-s10" pass="1" fail="0" skip="0">Tests.Ui.TC-NAV-UI-01</stat>
<stat name="TC-REG-UI-01" id="s1-s3-s11" pass="1" fail="0" skip="0">Tests.Ui.TC-REG-UI-01</stat>
<stat name="TC-TF-UI-01" id="s1-s3-s12" pass="1" fail="0" skip="0">Tests.Ui.TC-TF-UI-01</stat>
</suite>
</statistics>
<errors>
</errors>
</robot>
